<?xml version="1.0" encoding="UTF-8"?>
<coverage generated="1740022761039" clover="3.2.0">
  <project timestamp="1740022761039" name="All files">
    <metrics statements="465" coveredstatements="411" conditionals="245" coveredconditionals="185" methods="109" coveredmethods="95" elements="819" coveredelements="691" complexity="0" loc="465" ncloc="465" packages="5" files="21" classes="21"/>
    <package name="app">
      <metrics statements="2" coveredstatements="2" conditionals="0" coveredconditionals="0" methods="1" coveredmethods="1"/>
      <file name="index.jsx" path="/Users/antoinemansour/Documents/Projects/miniCap/FindMyClass/app/index.jsx">
        <metrics statements="2" coveredstatements="2" conditionals="0" coveredconditionals="0" methods="1" coveredmethods="1"/>
        <line num="7" count="1" type="stmt"/>
        <line num="14" count="1" type="stmt"/>
      </file>
    </package>
    <package name="app.api">
      <metrics statements="21" coveredstatements="21" conditionals="6" coveredconditionals="3" methods="3" coveredmethods="3"/>
      <file name="auth.js" path="/Users/antoinemansour/Documents/Projects/miniCap/FindMyClass/app/api/auth.js">
        <metrics statements="21" coveredstatements="21" conditionals="6" coveredconditionals="3" methods="3" coveredmethods="3"/>
        <line num="3" count="1" type="stmt"/>
        <line num="6" count="1" type="stmt"/>
        <line num="7" count="2" type="stmt"/>
        <line num="8" count="2" type="stmt"/>
        <line num="9" count="1" type="stmt"/>
        <line num="11" count="1" type="cond" truecount="1" falsecount="1"/>
        <line num="12" count="1" type="stmt"/>
        <line num="17" count="1" type="stmt"/>
        <line num="18" count="2" type="stmt"/>
        <line num="19" count="2" type="stmt"/>
        <line num="20" count="2" type="stmt"/>
        <line num="21" count="1" type="stmt"/>
        <line num="22" count="1" type="stmt"/>
        <line num="24" count="1" type="cond" truecount="1" falsecount="1"/>
        <line num="25" count="1" type="stmt"/>
        <line num="30" count="1" type="stmt"/>
        <line num="31" count="2" type="stmt"/>
        <line num="32" count="2" type="stmt"/>
        <line num="33" count="1" type="stmt"/>
        <line num="35" count="1" type="cond" truecount="1" falsecount="1"/>
        <line num="36" count="1" type="stmt"/>
      </file>
    </package>
    <package name="app.screens">
      <metrics statements="307" coveredstatements="256" conditionals="142" coveredconditionals="100" methods="58" coveredmethods="47"/>
      <file name="directions.jsx" path="/Users/antoinemansour/Documents/Projects/miniCap/FindMyClass/app/screens/directions.jsx">
        <metrics statements="189" coveredstatements="142" conditionals="101" coveredconditionals="67" methods="30" coveredmethods="19"/>
        <line num="15" count="88" type="stmt"/>
        <line num="16" count="88" type="stmt"/>
        <line num="18" count="88" type="cond" truecount="4" falsecount="0"/>
        <line num="19" count="2" type="stmt"/>
        <line num="20" count="2" type="stmt"/>
        <line num="23" count="86" type="stmt"/>
        <line num="24" count="86" type="stmt"/>
        <line num="25" count="86" type="stmt"/>
        <line num="26" count="84" type="stmt"/>
        <line num="28" count="2" type="stmt"/>
        <line num="31" count="86" type="cond" truecount="5" falsecount="0"/>
        <line num="32" count="4" type="stmt"/>
        <line num="33" count="4" type="stmt"/>
        <line num="35" count="82" type="cond" truecount="1" falsecount="1"/>
        <line num="36" count="82" type="stmt"/>
        <line num="38" count="78" type="stmt"/>
        <line num="39" count="78" type="stmt"/>
        <line num="40" count="78" type="stmt"/>
        <line num="41" count="78" type="stmt"/>
        <line num="42" count="78" type="stmt"/>
        <line num="43" count="78" type="stmt"/>
        <line num="44" count="78" type="stmt"/>
        <line num="45" count="78" type="stmt"/>
        <line num="46" count="78" type="stmt"/>
        <line num="48" count="78" type="stmt"/>
        <line num="49" count="78" type="stmt"/>
        <line num="50" count="78" type="stmt"/>
        <line num="51" count="78" type="stmt"/>
        <line num="52" count="78" type="stmt"/>
        <line num="53" count="78" type="stmt"/>
        <line num="54" count="78" type="stmt"/>
        <line num="55" count="78" type="stmt"/>
        <line num="56" count="78" type="stmt"/>
        <line num="57" count="78" type="stmt"/>
        <line num="61" count="78" type="stmt"/>
        <line num="63" count="78" type="stmt"/>
        <line num="68" count="78" type="stmt"/>
        <line num="75" count="78" type="stmt"/>
        <line num="83" count="78" type="stmt"/>
        <line num="84" count="25" type="stmt"/>
        <line num="87" count="25" type="stmt"/>
        <line num="91" count="78" type="stmt"/>
        <line num="92" count="2" type="stmt"/>
        <line num="94" count="2" type="stmt"/>
        <line num="95" count="2" type="stmt"/>
        <line num="98" count="78" type="stmt"/>
        <line num="99" count="2" type="stmt"/>
        <line num="100" count="2" type="stmt"/>
        <line num="102" count="2" type="cond" truecount="1" falsecount="1"/>
        <line num="103" count="2" type="stmt"/>
        <line num="104" count="2" type="stmt"/>
        <line num="107" count="2" type="cond" truecount="1" falsecount="3"/>
        <line num="109" count="2" type="cond" truecount="1" falsecount="1"/>
        <line num="110" count="0" type="stmt"/>
        <line num="112" count="2" type="stmt"/>
        <line num="113" count="2" type="stmt"/>
        <line num="116" count="2" type="stmt"/>
        <line num="120" count="2" type="stmt"/>
        <line num="122" count="0" type="stmt"/>
        <line num="123" count="0" type="stmt"/>
        <line num="124" count="0" type="stmt"/>
        <line num="127" count="2" type="stmt"/>
        <line num="130" count="0" type="stmt"/>
        <line num="131" count="0" type="stmt"/>
        <line num="133" count="0" type="stmt"/>
        <line num="136" count="2" type="cond" truecount="3" falsecount="1"/>
        <line num="137" count="2" type="stmt"/>
        <line num="138" count="2" type="stmt"/>
        <line num="143" count="78" type="stmt"/>
        <line num="144" count="1" type="stmt"/>
        <line num="145" count="1" type="stmt"/>
        <line num="147" count="1" type="cond" truecount="1" falsecount="1"/>
        <line num="150" count="1" type="cond" truecount="1" falsecount="3"/>
        <line num="152" count="1" type="stmt"/>
        <line num="153" count="1" type="stmt"/>
        <line num="154" count="1" type="stmt"/>
        <line num="156" count="0" type="stmt"/>
        <line num="157" count="0" type="stmt"/>
        <line num="158" count="0" type="stmt"/>
        <line num="160" count="0" type="stmt"/>
        <line num="161" count="0" type="stmt"/>
        <line num="162" count="0" type="stmt"/>
        <line num="164" count="0" type="stmt"/>
        <line num="166" count="1" type="stmt"/>
        <line num="167" count="1" type="stmt"/>
        <line num="168" count="1" type="stmt"/>
        <line num="172" count="78" type="stmt"/>
        <line num="173" count="0" type="cond" truecount="0" falsecount="2"/>
        <line num="176" count="0" type="stmt"/>
        <line num="180" count="78" type="stmt"/>
        <line num="181" count="0" type="cond" truecount="0" falsecount="2"/>
        <line num="183" count="0" type="stmt"/>
        <line num="187" count="78" type="stmt"/>
        <line num="188" count="23" type="cond" truecount="4" falsecount="0"/>
        <line num="190" count="22" type="stmt"/>
        <line num="191" count="22" type="stmt"/>
        <line num="192" count="22" type="stmt"/>
        <line num="193" count="22" type="stmt"/>
        <line num="195" count="22" type="stmt"/>
        <line num="198" count="11" type="stmt"/>
        <line num="199" count="11" type="stmt"/>
        <line num="201" count="11" type="cond" truecount="4" falsecount="0"/>
        <line num="202" count="1" type="stmt"/>
        <line num="205" count="10" type="stmt"/>
        <line num="207" count="10" type="stmt"/>
        <line num="208" count="20" type="stmt"/>
        <line num="213" count="10" type="stmt"/>
        <line num="214" count="10" type="stmt"/>
        <line num="215" count="10" type="stmt"/>
        <line num="217" count="10" type="cond" truecount="1" falsecount="1"/>
        <line num="218" count="10" type="stmt"/>
        <line num="219" count="10" type="stmt"/>
        <line num="220" count="5" type="cond" truecount="1" falsecount="1"/>
        <line num="221" count="5" type="stmt"/>
        <line num="232" count="2" type="stmt"/>
        <line num="233" count="2" type="stmt"/>
        <line num="235" count="12" type="stmt"/>
        <line num="236" count="12" type="stmt"/>
        <line num="241" count="78" type="stmt"/>
        <line num="242" count="22" type="stmt"/>
        <line num="245" count="78" type="stmt"/>
        <line num="248" count="33" type="stmt"/>
        <line num="249" count="33" type="stmt"/>
        <line num="250" count="33" type="stmt"/>
        <line num="251" count="33" type="stmt"/>
        <line num="252" count="33" type="cond" truecount="2" falsecount="0"/>
        <line num="253" count="1" type="stmt"/>
        <line num="256" count="32" type="stmt"/>
        <line num="260" count="19" type="stmt"/>
        <line num="265" count="19" type="stmt"/>
        <line num="266" count="19" type="cond" truecount="1" falsecount="1"/>
        <line num="267" count="19" type="stmt"/>
        <line num="268" count="19" type="stmt"/>
        <line num="272" count="19" type="stmt"/>
        <line num="279" count="0" type="stmt"/>
        <line num="283" count="0" type="stmt"/>
        <line num="284" count="0" type="stmt"/>
        <line num="285" count="0" type="cond" truecount="0" falsecount="2"/>
        <line num="286" count="0" type="stmt"/>
        <line num="287" count="0" type="stmt"/>
        <line num="294" count="14" type="stmt"/>
        <line num="295" count="14" type="stmt"/>
        <line num="297" count="33" type="stmt"/>
        <line num="301" count="33" type="stmt"/>
        <line num="302" count="33" type="stmt"/>
        <line num="305" count="78" type="stmt"/>
        <line num="306" count="78" type="stmt"/>
        <line num="308" count="78" type="stmt"/>
        <line num="310" count="78" type="stmt"/>
        <line num="311" count="0" type="stmt"/>
        <line num="312" count="0" type="cond" truecount="0" falsecount="2"/>
        <line num="313" count="0" type="stmt"/>
        <line num="314" count="0" type="cond" truecount="0" falsecount="2"/>
        <line num="317" count="0" type="stmt"/>
        <line num="318" count="0" type="stmt"/>
        <line num="320" count="0" type="stmt"/>
        <line num="321" count="0" type="stmt"/>
        <line num="325" count="78" type="stmt"/>
        <line num="326" count="0" type="stmt"/>
        <line num="327" count="0" type="stmt"/>
        <line num="328" count="0" type="stmt"/>
        <line num="330" count="0" type="stmt"/>
        <line num="334" count="0" type="stmt"/>
        <line num="335" count="0" type="stmt"/>
        <line num="336" count="0" type="stmt"/>
        <line num="339" count="78" type="stmt"/>
        <line num="340" count="3" type="stmt"/>
        <line num="341" count="3" type="stmt"/>
        <line num="343" count="3" type="stmt"/>
        <line num="346" count="3" type="cond" truecount="2" falsecount="0"/>
        <line num="347" count="3" type="cond" truecount="4" falsecount="0"/>
        <line num="348" count="1" type="stmt"/>
        <line num="352" count="78" type="stmt"/>
        <line num="353" count="0" type="stmt"/>
        <line num="357" count="0" type="stmt"/>
        <line num="358" count="0" type="stmt"/>
        <line num="359" count="0" type="stmt"/>
        <line num="363" count="0" type="stmt"/>
        <line num="366" count="78" type="stmt"/>
        <line num="422" count="0" type="stmt"/>
        <line num="425" count="0" type="stmt"/>
        <line num="443" count="0" type="stmt"/>
        <line num="452" count="2" type="stmt"/>
        <line num="461" count="1" type="stmt"/>
        <line num="469" count="2" type="stmt"/>
        <line num="477" count="2" type="stmt"/>
        <line num="492" count="2" type="stmt"/>
        <line num="493" count="2" type="stmt"/>
        <line num="559" count="4" type="stmt"/>
      </file>
      <file name="index.jsx" path="/Users/antoinemansour/Documents/Projects/miniCap/FindMyClass/app/screens/index.jsx">
        <metrics statements="7" coveredstatements="7" conditionals="0" coveredconditionals="0" methods="5" coveredmethods="5"/>
        <line num="8" count="10" type="stmt"/>
        <line num="10" count="10" type="stmt"/>
        <line num="21" count="1" type="stmt"/>
        <line num="26" count="1" type="stmt"/>
        <line num="34" count="1" type="stmt"/>
        <line num="46" count="1" type="stmt"/>
        <line num="57" count="1" type="stmt"/>
      </file>
      <file name="login.jsx" path="/Users/antoinemansour/Documents/Projects/miniCap/FindMyClass/app/screens/login.jsx">
        <metrics statements="19" coveredstatements="19" conditionals="2" coveredconditionals="2" methods="3" coveredmethods="3"/>
        <line num="8" count="16" type="stmt"/>
        <line num="9" count="15" type="stmt"/>
        <line num="10" count="15" type="stmt"/>
        <line num="11" count="15" type="stmt"/>
        <line num="12" count="15" type="stmt"/>
        <line num="14" count="15" type="stmt"/>
        <line num="15" count="2" type="stmt"/>
        <line num="16" count="2" type="stmt"/>
        <line num="17" count="2" type="stmt"/>
        <line num="18" count="1" type="stmt"/>
        <line num="19" count="1" type="stmt"/>
        <line num="20" count="1" type="stmt"/>
        <line num="22" count="1" type="stmt"/>
        <line num="24" count="1" type="stmt"/>
        <line num="25" count="1" type="stmt"/>
        <line num="29" count="15" type="stmt"/>
        <line num="30" count="1" type="stmt"/>
        <line num="33" count="15" type="stmt"/>
        <line num="67" count="1" type="stmt"/>
      </file>
      <file name="map.jsx" path="/Users/antoinemansour/Documents/Projects/miniCap/FindMyClass/app/screens/map.jsx">
        <metrics statements="4" coveredstatements="4" conditionals="2" coveredconditionals="2" methods="1" coveredmethods="1"/>
        <line num="8" count="2" type="stmt"/>
        <line num="9" count="2" type="cond" truecount="2" falsecount="0"/>
        <line num="11" count="2" type="stmt"/>
        <line num="19" count="1" type="stmt"/>
      </file>
      <file name="profile.jsx" path="/Users/antoinemansour/Documents/Projects/miniCap/FindMyClass/app/screens/profile.jsx">
        <metrics statements="29" coveredstatements="29" conditionals="14" coveredconditionals="12" methods="5" coveredmethods="5"/>
        <line num="10" count="12" type="stmt"/>
        <line num="11" count="12" type="stmt"/>
        <line num="12" count="12" type="stmt"/>
        <line num="14" count="11" type="stmt"/>
        <line num="16" count="6" type="stmt"/>
        <line num="17" count="6" type="cond" truecount="2" falsecount="0"/>
        <line num="19" count="6" type="stmt"/>
        <line num="22" count="11" type="stmt"/>
        <line num="23" count="3" type="stmt"/>
        <line num="25" count="3" type="stmt"/>
        <line num="26" count="3" type="cond" truecount="2" falsecount="0"/>
        <line num="27" count="1" type="stmt"/>
        <line num="28" count="1" type="stmt"/>
        <line num="30" count="2" type="stmt"/>
        <line num="32" count="2" type="cond" truecount="3" falsecount="1"/>
        <line num="35" count="2" type="stmt"/>
        <line num="41" count="1" type="stmt"/>
        <line num="42" count="1" type="cond" truecount="1" falsecount="1"/>
        <line num="43" count="1" type="stmt"/>
        <line num="44" count="1" type="stmt"/>
        <line num="45" count="1" type="stmt"/>
        <line num="46" count="1" type="stmt"/>
        <line num="48" count="1" type="stmt"/>
        <line num="49" count="1" type="stmt"/>
        <line num="53" count="11" type="cond" truecount="2" falsecount="0"/>
        <line num="54" count="4" type="stmt"/>
        <line num="57" count="1" type="stmt"/>
        <line num="64" count="7" type="stmt"/>
        <line num="84" count="1" type="stmt"/>
      </file>
      <file name="register.jsx" path="/Users/antoinemansour/Documents/Projects/miniCap/FindMyClass/app/screens/register.jsx">
        <metrics statements="22" coveredstatements="18" conditionals="8" coveredconditionals="7" methods="3" coveredmethods="3"/>
        <line num="7" count="15" type="stmt"/>
        <line num="8" count="14" type="stmt"/>
        <line num="9" count="14" type="stmt"/>
        <line num="10" count="14" type="stmt"/>
        <line num="11" count="14" type="stmt"/>
        <line num="12" count="14" type="stmt"/>
        <line num="14" count="14" type="stmt"/>
        <line num="15" count="1" type="cond" truecount="5" falsecount="1"/>
        <line num="16" count="0" type="stmt"/>
        <line num="17" count="0" type="stmt"/>
        <line num="20" count="1" type="stmt"/>
        <line num="21" count="1" type="stmt"/>
        <line num="22" count="1" type="stmt"/>
        <line num="23" count="1" type="stmt"/>
        <line num="24" count="1" type="stmt"/>
        <line num="25" count="1" type="stmt"/>
        <line num="27" count="0" type="stmt"/>
        <line num="28" count="0" type="stmt"/>
        <line num="32" count="14" type="stmt"/>
        <line num="33" count="1" type="stmt"/>
        <line num="36" count="14" type="stmt"/>
        <line num="88" count="1" type="stmt"/>
      </file>
      <file name="schedule.jsx" path="/Users/antoinemansour/Documents/Projects/miniCap/FindMyClass/app/screens/schedule.jsx">
        <metrics statements="37" coveredstatements="37" conditionals="15" coveredconditionals="10" methods="11" coveredmethods="11"/>
        <line num="16" count="1" type="stmt"/>
        <line num="17" count="1" type="stmt"/>
        <line num="18" count="1" type="stmt"/>
        <line num="19" count="1" type="stmt"/>
        <line num="20" count="1" type="stmt"/>
        <line num="23" count="10" type="stmt"/>
        <line num="24" count="9" type="stmt"/>
        <line num="25" count="9" type="stmt"/>
        <line num="28" count="9" type="stmt"/>
        <line num="29" count="9" type="stmt"/>
        <line num="30" count="9" type="stmt"/>
        <line num="33" count="9" type="stmt"/>
        <line num="34" count="261" type="stmt"/>
        <line num="35" count="261" type="cond" truecount="2" falsecount="0"/>
        <line num="36" count="261" type="stmt"/>
        <line num="40" count="9" type="stmt"/>
        <line num="42" count="9" type="stmt"/>
        <line num="43" count="1" type="cond" truecount="1" falsecount="1"/>
        <line num="46" count="1" type="stmt"/>
        <line num="64" count="1" type="stmt"/>
        <line num="67" count="9" type="stmt"/>
        <line num="68" count="1" type="stmt"/>
        <line num="69" count="1" type="stmt"/>
        <line num="73" count="9" type="stmt"/>
        <line num="85" count="9" type="stmt"/>
        <line num="97" count="9" type="stmt"/>
        <line num="103" count="9" type="stmt"/>
        <line num="104" count="9" type="stmt"/>
        <line num="109" count="45" type="stmt"/>
        <line num="123" count="9" type="stmt"/>
        <line num="124" count="90" type="stmt"/>
        <line num="139" count="450" type="stmt"/>
        <line num="149" count="1" type="stmt"/>
        <line num="155" count="9" type="stmt"/>
        <line num="161" count="113" type="stmt"/>
        <line num="168" count="1" type="stmt"/>
        <line num="229" count="1" type="stmt"/>
      </file>
    </package>
    <package name="components">
      <metrics statements="128" coveredstatements="125" conditionals="97" coveredconditionals="82" methods="43" coveredmethods="40"/>
      <file name="BuildingMarker.js" path="/Users/antoinemansour/Documents/Projects/miniCap/FindMyClass/components/BuildingMarker.js">
        <metrics statements="6" coveredstatements="6" conditionals="14" coveredconditionals="14" methods="2" coveredmethods="2"/>
        <line num="5" count="1" type="stmt"/>
        <line num="6" count="8" type="cond" truecount="2" falsecount="0"/>
        <line num="8" count="7" type="stmt"/>
        <line num="35" count="1" type="stmt"/>
        <line num="36" count="1" type="stmt"/>
        <line num="66" count="1" type="stmt"/>
      </file>
      <file name="Card.js" path="/Users/antoinemansour/Documents/Projects/miniCap/FindMyClass/components/Card.js">
        <metrics statements="3" coveredstatements="3" conditionals="0" coveredconditionals="0" methods="1" coveredmethods="1"/>
        <line num="6" count="1" type="stmt"/>
        <line num="7" count="2" type="stmt"/>
        <line num="15" count="1" type="stmt"/>
      </file>
      <file name="Chatbot.js" path="/Users/antoinemansour/Documents/Projects/miniCap/FindMyClass/components/Chatbot.js">
        <metrics statements="19" coveredstatements="18" conditionals="6" coveredconditionals="5" methods="7" coveredmethods="6"/>
        <line num="6" count="1" type="stmt"/>
        <line num="7" count="10" type="stmt"/>
        <line num="8" count="10" type="stmt"/>
        <line num="9" count="10" type="stmt"/>
        <line num="11" count="10" type="stmt"/>
        <line num="12" count="2" type="cond" truecount="1" falsecount="1"/>
        <line num="14" count="2" type="stmt"/>
        <line num="15" count="2" type="stmt"/>
        <line num="16" count="2" type="stmt"/>
        <line num="18" count="2" type="stmt"/>
        <line num="19" count="2" type="stmt"/>
        <line num="20" count="1" type="stmt"/>
        <line num="21" count="1" type="stmt"/>
        <line num="23" count="1" type="stmt"/>
        <line num="24" count="1" type="stmt"/>
        <line num="28" count="10" type="stmt"/>
        <line num="32" count="0" type="stmt"/>
        <line num="41" count="6" type="stmt"/>
        <line num="72" count="1" type="stmt"/>
      </file>
      <file name="FloatingChatButton.js" path="/Users/antoinemansour/Documents/Projects/miniCap/FindMyClass/components/FloatingChatButton.js">
        <metrics statements="6" coveredstatements="6" conditionals="2" coveredconditionals="2" methods="3" coveredmethods="3"/>
        <line num="6" count="1" type="stmt"/>
        <line num="7" count="7" type="stmt"/>
        <line num="9" count="7" type="stmt"/>
        <line num="14" count="2" type="stmt"/>
        <line num="18" count="1" type="cond" truecount="2" falsecount="0"/>
        <line num="23" count="1" type="stmt"/>
      </file>
      <file name="GoogleSearchBar.js" path="/Users/antoinemansour/Documents/Projects/miniCap/FindMyClass/components/GoogleSearchBar.js">
        <metrics statements="8" coveredstatements="8" conditionals="7" coveredconditionals="6" methods="3" coveredmethods="3"/>
        <line num="6" count="6" type="stmt"/>
        <line num="8" count="6" type="stmt"/>
        <line num="9" count="6" type="cond" truecount="4" falsecount="0"/>
        <line num="10" count="2" type="stmt"/>
        <line num="14" count="6" type="stmt"/>
        <line num="21" count="3" type="cond" truecount="2" falsecount="0"/>
        <line num="22" count="2" type="stmt"/>
        <line num="26" count="2" type="stmt"/>
      </file>
      <file name="LoyolaMap.js" path="/Users/antoinemansour/Documents/Projects/miniCap/FindMyClass/components/LoyolaMap.js">
        <metrics statements="26" coveredstatements="26" conditionals="23" coveredconditionals="18" methods="7" coveredmethods="7"/>
        <line num="9" count="1" type="stmt"/>
        <line num="10" count="83" type="cond" truecount="2" falsecount="0"/>
        <line num="11" count="83" type="cond" truecount="3" falsecount="1"/>
        <line num="13" count="83" type="stmt"/>
        <line num="14" count="2486" type="stmt"/>
        <line num="15" count="2486" type="stmt"/>
        <line num="17" count="83" type="stmt"/>
        <line num="22" count="83" type="cond" truecount="2" falsecount="0"/>
        <line num="23" count="9" type="stmt"/>
        <line num="29" count="83" type="stmt"/>
        <line num="32" count="1" type="stmt"/>
        <line num="33" count="6" type="stmt"/>
        <line num="34" count="6" type="stmt"/>
        <line num="35" count="6" type="stmt"/>
        <line num="40" count="6" type="stmt"/>
        <line num="41" count="4" type="cond" truecount="2" falsecount="0"/>
        <line num="42" count="1" type="stmt"/>
        <line num="43" count="1" type="stmt"/>
        <line num="45" count="1" type="cond" truecount="3" falsecount="1"/>
        <line num="46" count="1" type="stmt"/>
        <line num="56" count="6" type="stmt"/>
        <line num="68" count="6" type="stmt"/>
        <line num="91" count="54" type="stmt"/>
        <line num="92" count="54" type="cond" truecount="1" falsecount="1"/>
        <line num="94" count="54" type="stmt"/>
        <line num="116" count="1" type="stmt"/>
      </file>
      <file name="ProfileButton.jsx" path="/Users/antoinemansour/Documents/Projects/miniCap/FindMyClass/components/ProfileButton.jsx">
        <metrics statements="25" coveredstatements="23" conditionals="12" coveredconditionals="10" methods="9" coveredmethods="7"/>
        <line num="7" count="1" type="stmt"/>
        <line num="8" count="16" type="stmt"/>
        <line num="9" count="16" type="stmt"/>
        <line num="10" count="16" type="stmt"/>
        <line num="12" count="16" type="stmt"/>
        <line num="13" count="4" type="stmt"/>
        <line num="14" count="4" type="cond" truecount="2" falsecount="0"/>
        <line num="15" count="2" type="cond" truecount="2" falsecount="0"/>
        <line num="16" count="1" type="stmt"/>
        <line num="17" count="1" type="cond" truecount="1" falsecount="1"/>
        <line num="18" count="1" type="stmt"/>
        <line num="19" count="1" type="stmt"/>
        <line num="22" count="2" type="cond" truecount="2" falsecount="0"/>
        <line num="23" count="1" type="stmt"/>
        <line num="24" count="1" type="cond" truecount="1" falsecount="1"/>
        <line num="25" count="1" type="stmt"/>
        <line num="30" count="16" type="stmt"/>
        <line num="32" count="6" type="stmt"/>
        <line num="39" count="0" type="stmt"/>
        <line num="45" count="1" type="stmt"/>
        <line num="48" count="1" type="stmt"/>
        <line num="54" count="1" type="stmt"/>
        <line num="57" count="1" type="stmt"/>
        <line num="62" count="0" type="stmt"/>
        <line num="72" count="1" type="stmt"/>
      </file>
      <file name="SGWBuildings.js" path="/Users/antoinemansour/Documents/Projects/miniCap/FindMyClass/components/SGWBuildings.js">
        <metrics statements="1" coveredstatements="1" conditionals="0" coveredconditionals="0" methods="0" coveredmethods="0"/>
        <line num="1" count="5" type="stmt"/>
      </file>
      <file name="SGWMap.js" path="/Users/antoinemansour/Documents/Projects/miniCap/FindMyClass/components/SGWMap.js">
        <metrics statements="23" coveredstatements="23" conditionals="19" coveredconditionals="15" methods="7" coveredmethods="7"/>
        <line num="9" count="1" type="stmt"/>
        <line num="10" count="50" type="cond" truecount="2" falsecount="0"/>
        <line num="11" count="50" type="cond" truecount="3" falsecount="1"/>
        <line num="13" count="50" type="stmt"/>
        <line num="14" count="937" type="stmt"/>
        <line num="15" count="937" type="stmt"/>
        <line num="17" count="50" type="stmt"/>
        <line num="23" count="1" type="stmt"/>
        <line num="24" count="7" type="stmt"/>
        <line num="25" count="7" type="stmt"/>
        <line num="26" count="7" type="stmt"/>
        <line num="31" count="7" type="stmt"/>
        <line num="32" count="7" type="cond" truecount="2" falsecount="0"/>
        <line num="33" count="1" type="stmt"/>
        <line num="34" count="1" type="stmt"/>
        <line num="36" count="1" type="cond" truecount="3" falsecount="1"/>
        <line num="37" count="1" type="cond" truecount="1" falsecount="1"/>
        <line num="42" count="1" type="stmt"/>
        <line num="52" count="7" type="stmt"/>
        <line num="62" count="7" type="stmt"/>
        <line num="75" count="49" type="cond" truecount="1" falsecount="1"/>
        <line num="80" count="49" type="stmt"/>
        <line num="102" count="1" type="stmt"/>
      </file>
      <file name="ToggleCampusMap.js" path="/Users/antoinemansour/Documents/Projects/miniCap/FindMyClass/components/ToggleCampusMap.js">
        <metrics statements="10" coveredstatements="10" conditionals="14" coveredconditionals="12" methods="4" coveredmethods="4"/>
        <line num="7" count="1" type="stmt"/>
        <line num="8" count="6" type="stmt"/>
        <line num="9" count="6" type="cond" truecount="1" falsecount="1"/>
        <line num="11" count="6" type="stmt"/>
        <line num="12" count="4" type="cond" truecount="1" falsecount="1"/>
        <line num="13" count="4" type="stmt"/>
        <line num="17" count="6" type="stmt"/>
        <line num="30" count="1" type="stmt"/>
        <line num="41" count="1" type="stmt"/>
        <line num="54" count="1" type="stmt"/>
      </file>
      <file name="loyolaBuildings.js" path="/Users/antoinemansour/Documents/Projects/miniCap/FindMyClass/components/loyolaBuildings.js">
        <metrics statements="1" coveredstatements="1" conditionals="0" coveredconditionals="0" methods="0" coveredmethods="0"/>
        <line num="1" count="5" type="stmt"/>
      </file>
    </package>
    <package name="contexts">
      <metrics statements="7" coveredstatements="7" conditionals="0" coveredconditionals="0" methods="4" coveredmethods="4"/>
      <file name="AuthContext.js" path="/Users/antoinemansour/Documents/Projects/miniCap/FindMyClass/contexts/AuthContext.js">
        <metrics statements="7" coveredstatements="7" conditionals="0" coveredconditionals="0" methods="4" coveredmethods="4"/>
        <line num="3" count="1" type="stmt"/>
        <line num="5" count="1" type="stmt"/>
        <line num="6" count="6" type="stmt"/>
        <line num="7" count="6" type="stmt"/>
        <line num="8" count="6" type="stmt"/>
        <line num="10" count="6" type="stmt"/>
        <line num="17" count="6" type="stmt"/>
      </file>
    </package>
  </project>
</coverage>
