{"/Users/antoinemansour/Documents/Projects/MiniCap/miniCap/FindMyClass/app/_layout.jsx": {"path":"/Users/antoinemansour/Documents/Projects/MiniCap/miniCap/FindMyClass/app/_layout.jsx","statementMap":{"0":{"start":{"line":12,"column":35},"end":{"line":12,"column":47}},"1":{"start":{"line":13,"column":38},"end":{"line":13,"column":50}},"2":{"start":{"line":14,"column":21},"end":{"line":14,"column":36}},"3":{"start":{"line":16,"column":27},"end":{"line":20,"column":30}},"4":{"start":{"line":17,"column":4},"end":{"line":19,"column":5}},"5":{"start":{"line":18,"column":6},"end":{"line":18,"column":37}},"6":{"start":{"line":22,"column":2},"end":{"line":24,"column":3}},"7":{"start":{"line":23,"column":4},"end":{"line":23,"column":16}},"8":{"start":{"line":27,"column":2},"end":{"line":29,"column":31}},"9":{"start":{"line":28,"column":4},"end":{"line":28,"column":41}},"10":{"start":{"line":31,"column":2},"end":{"line":82,"column":4}},"11":{"start":{"line":34,"column":39},"end":{"line":73,"column":9}},"12":{"start":{"line":39,"column":28},"end":{"line":39,"column":32}},"13":{"start":{"line":41,"column":12},"end":{"line":49,"column":31}},"14":{"start":{"line":44,"column":16},"end":{"line":44,"column":64}},"15":{"start":{"line":52,"column":12},"end":{"line":70,"column":13}},"16":{"start":{"line":63,"column":22},"end":{"line":63,"column":42}},"17":{"start":{"line":85,"column":15},"end":{"line":117,"column":2}}},"fnMap":{"0":{"name":"Layout","decl":{"start":{"line":11,"column":24},"end":{"line":11,"column":30}},"loc":{"start":{"line":11,"column":33},"end":{"line":83,"column":1}},"line":11},"1":{"name":"(anonymous_1)","decl":{"start":{"line":16,"column":39},"end":{"line":16,"column":40}},"loc":{"start":{"line":16,"column":51},"end":{"line":20,"column":3}},"line":16},"2":{"name":"(anonymous_2)","decl":{"start":{"line":27,"column":12},"end":{"line":27,"column":13}},"loc":{"start":{"line":27,"column":18},"end":{"line":29,"column":3}},"line":27},"3":{"name":"(anonymous_3)","decl":{"start":{"line":34,"column":23},"end":{"line":34,"column":24}},"loc":{"start":{"line":34,"column":39},"end":{"line":73,"column":9}},"line":34},"4":{"name":"(anonymous_4)","decl":{"start":{"line":39,"column":22},"end":{"line":39,"column":23}},"loc":{"start":{"line":39,"column":28},"end":{"line":39,"column":32}},"line":39},"5":{"name":"(anonymous_5)","decl":{"start":{"line":40,"column":23},"end":{"line":40,"column":24}},"loc":{"start":{"line":41,"column":12},"end":{"line":49,"column":31}},"line":41},"6":{"name":"(anonymous_6)","decl":{"start":{"line":43,"column":23},"end":{"line":43,"column":24}},"loc":{"start":{"line":43,"column":29},"end":{"line":45,"column":15}},"line":43},"7":{"name":"(anonymous_7)","decl":{"start":{"line":51,"column":23},"end":{"line":51,"column":24}},"loc":{"start":{"line":52,"column":12},"end":{"line":70,"column":13}},"line":52},"8":{"name":"(anonymous_8)","decl":{"start":{"line":62,"column":34},"end":{"line":62,"column":35}},"loc":{"start":{"line":62,"column":44},"end":{"line":64,"column":21}},"line":62}},"branchMap":{"0":{"loc":{"start":{"line":17,"column":4},"end":{"line":19,"column":5}},"type":"if","locations":[{"start":{"line":17,"column":4},"end":{"line":19,"column":5}},{"start":{},"end":{}}],"line":17},"1":{"loc":{"start":{"line":17,"column":8},"end":{"line":17,"column":32}},"type":"binary-expr","locations":[{"start":{"line":17,"column":8},"end":{"line":17,"column":19}},{"start":{"line":17,"column":23},"end":{"line":17,"column":32}}],"line":17},"2":{"loc":{"start":{"line":22,"column":2},"end":{"line":24,"column":3}},"type":"if","locations":[{"start":{"line":22,"column":2},"end":{"line":24,"column":3}},{"start":{},"end":{}}],"line":22},"3":{"loc":{"start":{"line":22,"column":6},"end":{"line":22,"column":32}},"type":"binary-expr","locations":[{"start":{"line":22,"column":6},"end":{"line":22,"column":18}},{"start":{"line":22,"column":22},"end":{"line":22,"column":32}}],"line":22},"4":{"loc":{"start":{"line":36,"column":33},"end":{"line":36,"column":72}},"type":"cond-expr","locations":[{"start":{"line":36,"column":64},"end":{"line":36,"column":67}},{"start":{"line":36,"column":70},"end":{"line":36,"column":72}}],"line":36},"5":{"loc":{"start":{"line":46,"column":21},"end":{"line":46,"column":107}},"type":"cond-expr","locations":[{"start":{"line":46,"column":52},"end":{"line":46,"column":86}},{"start":{"line":46,"column":89},"end":{"line":46,"column":107}}],"line":46},"6":{"loc":{"start":{"line":52,"column":12},"end":{"line":70,"column":13}},"type":"cond-expr","locations":[{"start":{"line":53,"column":14},"end":{"line":67,"column":21}},{"start":{"line":69,"column":14},"end":{"line":69,"column":90}}],"line":52}},"s":{"0":9,"1":9,"2":8,"3":8,"4":0,"5":0,"6":8,"7":0,"8":8,"9":0,"10":8,"11":0,"12":0,"13":0,"14":0,"15":0,"16":0,"17":1},"f":{"0":9,"1":0,"2":0,"3":0,"4":0,"5":0,"6":0,"7":0,"8":0},"b":{"0":[0,0],"1":[0,0],"2":[0,8],"3":[8,0],"4":[0,0],"5":[0,0],"6":[0,0]},"_coverageSchema":"1a1c01bbd47fc00a2c39e90264f33305004495a9","hash":"48cd47b1a9dd65cecbff1d9568bfc225b25e4da2"}
,"/Users/antoinemansour/Documents/Projects/MiniCap/miniCap/FindMyClass/app/index.jsx": {"path":"/Users/antoinemansour/Documents/Projects/MiniCap/miniCap/FindMyClass/app/index.jsx","statementMap":{"0":{"start":{"line":5,"column":2},"end":{"line":9,"column":4}},"1":{"start":{"line":12,"column":15},"end":{"line":22,"column":2}}},"fnMap":{"0":{"name":"Home","decl":{"start":{"line":4,"column":24},"end":{"line":4,"column":28}},"loc":{"start":{"line":4,"column":31},"end":{"line":10,"column":1}},"line":4}},"branchMap":{},"s":{"0":1,"1":1},"f":{"0":1},"b":{},"_coverageSchema":"1a1c01bbd47fc00a2c39e90264f33305004495a9","hash":"09e60d06b1eab0848a79678c320a35323149961a"}
,"/Users/antoinemansour/Documents/Projects/MiniCap/miniCap/FindMyClass/app/api/auth.js": {"path":"/Users/antoinemansour/Documents/Projects/MiniCap/miniCap/FindMyClass/app/api/auth.js","statementMap":{"0":{"start":{"line":3,"column":16},"end":{"line":3,"column":44}},"1":{"start":{"line":6,"column":25},"end":{"line":14,"column":1}},"2":{"start":{"line":7,"column":2},"end":{"line":13,"column":3}},"3":{"start":{"line":8,"column":21},"end":{"line":8,"column":78}},"4":{"start":{"line":9,"column":4},"end":{"line":9,"column":25}},"5":{"start":{"line":11,"column":4},"end":{"line":11,"column":73}},"6":{"start":{"line":12,"column":4},"end":{"line":12,"column":16}},"7":{"start":{"line":17,"column":28},"end":{"line":27,"column":1}},"8":{"start":{"line":18,"column":2},"end":{"line":26,"column":3}},"9":{"start":{"line":19,"column":4},"end":{"line":19,"column":54}},"10":{"start":{"line":20,"column":21},"end":{"line":20,"column":102}},"11":{"start":{"line":21,"column":4},"end":{"line":21,"column":61}},"12":{"start":{"line":22,"column":4},"end":{"line":22,"column":25}},"13":{"start":{"line":24,"column":4},"end":{"line":24,"column":82}},"14":{"start":{"line":25,"column":4},"end":{"line":25,"column":16}},"15":{"start":{"line":30,"column":26},"end":{"line":38,"column":1}},"16":{"start":{"line":31,"column":2},"end":{"line":37,"column":3}},"17":{"start":{"line":32,"column":21},"end":{"line":32,"column":58}},"18":{"start":{"line":33,"column":4},"end":{"line":33,"column":25}},"19":{"start":{"line":35,"column":4},"end":{"line":35,"column":74}},"20":{"start":{"line":36,"column":4},"end":{"line":36,"column":16}}},"fnMap":{"0":{"name":"(anonymous_0)","decl":{"start":{"line":6,"column":25},"end":{"line":6,"column":26}},"loc":{"start":{"line":6,"column":52},"end":{"line":14,"column":1}},"line":6},"1":{"name":"(anonymous_1)","decl":{"start":{"line":17,"column":28},"end":{"line":17,"column":29}},"loc":{"start":{"line":17,"column":76},"end":{"line":27,"column":1}},"line":17},"2":{"name":"(anonymous_2)","decl":{"start":{"line":30,"column":26},"end":{"line":30,"column":27}},"loc":{"start":{"line":30,"column":38},"end":{"line":38,"column":1}},"line":30}},"branchMap":{"0":{"loc":{"start":{"line":11,"column":34},"end":{"line":11,"column":71}},"type":"binary-expr","locations":[{"start":{"line":11,"column":34},"end":{"line":11,"column":54}},{"start":{"line":11,"column":58},"end":{"line":11,"column":71}}],"line":11},"1":{"loc":{"start":{"line":24,"column":43},"end":{"line":24,"column":80}},"type":"binary-expr","locations":[{"start":{"line":24,"column":43},"end":{"line":24,"column":63}},{"start":{"line":24,"column":67},"end":{"line":24,"column":80}}],"line":24},"2":{"loc":{"start":{"line":35,"column":35},"end":{"line":35,"column":72}},"type":"binary-expr","locations":[{"start":{"line":35,"column":35},"end":{"line":35,"column":55}},{"start":{"line":35,"column":59},"end":{"line":35,"column":72}}],"line":35}},"s":{"0":1,"1":1,"2":2,"3":2,"4":1,"5":1,"6":1,"7":1,"8":2,"9":2,"10":2,"11":1,"12":1,"13":1,"14":1,"15":1,"16":2,"17":2,"18":1,"19":1,"20":1},"f":{"0":2,"1":2,"2":2},"b":{"0":[1,0],"1":[1,0],"2":[1,0]},"_coverageSchema":"1a1c01bbd47fc00a2c39e90264f33305004495a9","hash":"c335fe000c55b4d3ddb6ee88a9ab0eee6aae1c65"}
,"/Users/antoinemansour/Documents/Projects/MiniCap/miniCap/FindMyClass/app/screens/index.jsx": {"path":"/Users/antoinemansour/Documents/Projects/MiniCap/miniCap/FindMyClass/app/screens/index.jsx","statementMap":{"0":{"start":{"line":7,"column":21},"end":{"line":7,"column":36}},"1":{"start":{"line":9,"column":2},"end":{"line":29,"column":4}},"2":{"start":{"line":13,"column":60},"end":{"line":13,"column":89}},"3":{"start":{"line":14,"column":60},"end":{"line":14,"column":92}},"4":{"start":{"line":32,"column":15},"end":{"line":45,"column":2}}},"fnMap":{"0":{"name":"Index","decl":{"start":{"line":6,"column":24},"end":{"line":6,"column":29}},"loc":{"start":{"line":6,"column":32},"end":{"line":30,"column":1}},"line":6},"1":{"name":"(anonymous_1)","decl":{"start":{"line":13,"column":54},"end":{"line":13,"column":55}},"loc":{"start":{"line":13,"column":60},"end":{"line":13,"column":89}},"line":13},"2":{"name":"(anonymous_2)","decl":{"start":{"line":14,"column":54},"end":{"line":14,"column":55}},"loc":{"start":{"line":14,"column":60},"end":{"line":14,"column":92}},"line":14}},"branchMap":{},"s":{"0":0,"1":0,"2":0,"3":0,"4":0},"f":{"0":0,"1":0,"2":0},"b":{}}
,"/Users/antoinemansour/Documents/Projects/MiniCap/miniCap/FindMyClass/app/screens/login.jsx": {"path":"/Users/antoinemansour/Documents/Projects/MiniCap/miniCap/FindMyClass/app/screens/login.jsx","statementMap":{"0":{"start":{"line":7,"column":28},"end":{"line":7,"column":40}},"1":{"start":{"line":8,"column":34},"end":{"line":8,"column":46}},"2":{"start":{"line":9,"column":36},"end":{"line":9,"column":51}},"3":{"start":{"line":10,"column":17},"end":{"line":10,"column":28}},"4":{"start":{"line":12,"column":22},"end":{"line":24,"column":3}},"5":{"start":{"line":13,"column":4},"end":{"line":13,"column":23}},"6":{"start":{"line":14,"column":4},"end":{"line":23,"column":5}},"7":{"start":{"line":15,"column":19},"end":{"line":15,"column":51}},"8":{"start":{"line":16,"column":6},"end":{"line":16,"column":26}},"9":{"start":{"line":17,"column":6},"end":{"line":17,"column":54}},"10":{"start":{"line":19,"column":6},"end":{"line":19,"column":38}},"11":{"start":{"line":21,"column":6},"end":{"line":21,"column":26}},"12":{"start":{"line":22,"column":6},"end":{"line":22,"column":48}},"13":{"start":{"line":26,"column":35},"end":{"line":29,"column":3}},"14":{"start":{"line":28,"column":4},"end":{"line":28,"column":29}},"15":{"start":{"line":31,"column":2},"end":{"line":62,"column":4}},"16":{"start":{"line":65,"column":15},"end":{"line":108,"column":2}}},"fnMap":{"0":{"name":"Login","decl":{"start":{"line":6,"column":24},"end":{"line":6,"column":29}},"loc":{"start":{"line":6,"column":32},"end":{"line":63,"column":1}},"line":6},"1":{"name":"(anonymous_1)","decl":{"start":{"line":12,"column":22},"end":{"line":12,"column":23}},"loc":{"start":{"line":12,"column":34},"end":{"line":24,"column":3}},"line":12},"2":{"name":"(anonymous_2)","decl":{"start":{"line":26,"column":35},"end":{"line":26,"column":36}},"loc":{"start":{"line":26,"column":41},"end":{"line":29,"column":3}},"line":26}},"branchMap":{"0":{"loc":{"start":{"line":54,"column":13},"end":{"line":54,"column":51}},"type":"cond-expr","locations":[{"start":{"line":54,"column":25},"end":{"line":54,"column":40}},{"start":{"line":54,"column":43},"end":{"line":54,"column":51}}],"line":54}},"s":{"0":15,"1":15,"2":15,"3":15,"4":15,"5":2,"6":2,"7":2,"8":1,"9":1,"10":1,"11":1,"12":1,"13":15,"14":1,"15":15,"16":1},"f":{"0":15,"1":2,"2":1},"b":{"0":[2,13]},"_coverageSchema":"1a1c01bbd47fc00a2c39e90264f33305004495a9","hash":"00628df246a803519612aa8bd2e59f0b35ba114f"}
,"/Users/antoinemansour/Documents/Projects/MiniCap/miniCap/FindMyClass/app/screens/map.jsx": {"path":"/Users/antoinemansour/Documents/Projects/MiniCap/miniCap/FindMyClass/app/screens/map.jsx","statementMap":{"0":{"start":{"line":8,"column":16},"end":{"line":8,"column":26}},"1":{"start":{"line":9,"column":21},"end":{"line":9,"column":52}},"2":{"start":{"line":11,"column":2},"end":{"line":16,"column":4}},"3":{"start":{"line":19,"column":15},"end":{"line":23,"column":2}}},"fnMap":{"0":{"name":"Map","decl":{"start":{"line":7,"column":24},"end":{"line":7,"column":27}},"loc":{"start":{"line":7,"column":30},"end":{"line":17,"column":1}},"line":7}},"branchMap":{"0":{"loc":{"start":{"line":9,"column":21},"end":{"line":9,"column":52}},"type":"binary-expr","locations":[{"start":{"line":9,"column":21},"end":{"line":9,"column":46}},{"start":{"line":9,"column":50},"end":{"line":9,"column":52}}],"line":9}},"s":{"0":2,"1":2,"2":2,"3":1},"f":{"0":2},"b":{"0":[2,1]},"_coverageSchema":"1a1c01bbd47fc00a2c39e90264f33305004495a9","hash":"18c05491496349299c1ae84fa2e989b4946661ac"}
,"/Users/antoinemansour/Documents/Projects/MiniCap/miniCap/FindMyClass/app/screens/profile.jsx": {"path":"/Users/antoinemansour/Documents/Projects/MiniCap/miniCap/FindMyClass/app/screens/profile.jsx","statementMap":{"0":{"start":{"line":6,"column":2},"end":{"line":11,"column":4}},"1":{"start":{"line":14,"column":15},"end":{"line":24,"column":2}}},"fnMap":{"0":{"name":"Profile","decl":{"start":{"line":5,"column":24},"end":{"line":5,"column":31}},"loc":{"start":{"line":5,"column":34},"end":{"line":12,"column":1}},"line":5}},"branchMap":{},"s":{"0":2,"1":1},"f":{"0":2},"b":{},"_coverageSchema":"1a1c01bbd47fc00a2c39e90264f33305004495a9","hash":"5a5ece9bb78ca4c97ca0a7921544bb809be1ae51"}
,"/Users/antoinemansour/Documents/Projects/MiniCap/miniCap/FindMyClass/app/screens/register.jsx": {"path":"/Users/antoinemansour/Documents/Projects/MiniCap/miniCap/FindMyClass/app/screens/register.jsx","statementMap":{"0":{"start":{"line":7,"column":28},"end":{"line":7,"column":40}},"1":{"start":{"line":8,"column":34},"end":{"line":8,"column":46}},"2":{"start":{"line":9,"column":36},"end":{"line":9,"column":48}},"3":{"start":{"line":10,"column":34},"end":{"line":10,"column":46}},"4":{"start":{"line":11,"column":36},"end":{"line":11,"column":51}},"5":{"start":{"line":12,"column":17},"end":{"line":12,"column":28}},"6":{"start":{"line":14,"column":25},"end":{"line":25,"column":3}},"7":{"start":{"line":15,"column":4},"end":{"line":15,"column":23}},"8":{"start":{"line":16,"column":4},"end":{"line":24,"column":5}},"9":{"start":{"line":17,"column":6},"end":{"line":17,"column":63}},"10":{"start":{"line":18,"column":6},"end":{"line":18,"column":26}},"11":{"start":{"line":19,"column":6},"end":{"line":19,"column":57}},"12":{"start":{"line":20,"column":6},"end":{"line":20,"column":36}},"13":{"start":{"line":22,"column":6},"end":{"line":22,"column":26}},"14":{"start":{"line":23,"column":6},"end":{"line":23,"column":55}},"15":{"start":{"line":27,"column":32},"end":{"line":29,"column":3}},"16":{"start":{"line":28,"column":4},"end":{"line":28,"column":34}},"17":{"start":{"line":31,"column":2},"end":{"line":74,"column":4}},"18":{"start":{"line":77,"column":15},"end":{"line":120,"column":2}}},"fnMap":{"0":{"name":"Register","decl":{"start":{"line":6,"column":24},"end":{"line":6,"column":32}},"loc":{"start":{"line":6,"column":35},"end":{"line":75,"column":1}},"line":6},"1":{"name":"(anonymous_1)","decl":{"start":{"line":14,"column":25},"end":{"line":14,"column":26}},"loc":{"start":{"line":14,"column":37},"end":{"line":25,"column":3}},"line":14},"2":{"name":"(anonymous_2)","decl":{"start":{"line":27,"column":32},"end":{"line":27,"column":33}},"loc":{"start":{"line":27,"column":38},"end":{"line":29,"column":3}},"line":27}},"branchMap":{"0":{"loc":{"start":{"line":67,"column":43},"end":{"line":67,"column":84}},"type":"cond-expr","locations":[{"start":{"line":67,"column":55},"end":{"line":67,"column":71}},{"start":{"line":67,"column":74},"end":{"line":67,"column":84}}],"line":67}},"s":{"0":9,"1":9,"2":9,"3":9,"4":9,"5":9,"6":9,"7":0,"8":0,"9":0,"10":0,"11":0,"12":0,"13":0,"14":0,"15":9,"16":1,"17":9,"18":1},"f":{"0":9,"1":0,"2":1},"b":{"0":[0,9]},"_coverageSchema":"1a1c01bbd47fc00a2c39e90264f33305004495a9","hash":"3eb779430d025e54fbcffd95140539b0467aa364"}
}
