TN:
SF:app/_layout.jsx
FN:11,Layout
FN:16,(anonymous_1)
FN:27,(anonymous_2)
FN:34,(anonymous_3)
FN:39,(anonymous_4)
FN:40,(anonymous_5)
FN:43,(anonymous_6)
FN:51,(anonymous_7)
FN:62,(anonymous_8)
FNF:9
FNH:1
FNDA:9,Layout
FNDA:0,(anonymous_1)
FNDA:0,(anonymous_2)
FNDA:0,(anonymous_3)
FNDA:0,(anonymous_4)
FNDA:0,(anonymous_5)
FNDA:0,(anonymous_6)
FNDA:0,(anonymous_7)
FNDA:0,(anonymous_8)
DA:12,9
DA:13,9
DA:14,8
DA:16,8
DA:17,0
DA:18,0
DA:22,8
DA:23,0
DA:27,8
DA:28,0
DA:31,8
DA:34,0
DA:39,0
DA:41,0
DA:44,0
DA:52,0
DA:63,0
DA:86,1
LF:18
LH:8
BRDA:17,0,0,0
BRDA:17,0,1,0
BRDA:17,1,0,0
BRDA:17,1,1,0
BRDA:22,2,0,0
BRDA:22,2,1,8
BRDA:22,3,0,8
BRDA:22,3,1,0
BRDA:36,4,0,0
BRDA:36,4,1,0
BRDA:46,5,0,0
BRDA:46,5,1,0
BRDA:52,6,0,0
BRDA:52,6,1,0
BRF:14
BRH:2
end_of_record
TN:
SF:app/index.jsx
FN:4,Home
FNF:1
FNH:1
FNDA:1,Home
DA:5,1
DA:12,1
LF:2
LH:2
BRF:0
BRH:0
end_of_record
TN:
SF:app/api/auth.js
FN:6,(anonymous_0)
FN:17,(anonymous_1)
FN:30,(anonymous_2)
FNF:3
FNH:3
FNDA:2,(anonymous_0)
FNDA:2,(anonymous_1)
FNDA:2,(anonymous_2)
DA:3,1
DA:6,1
DA:7,2
DA:8,2
DA:9,1
DA:11,1
DA:12,1
DA:17,1
DA:18,2
DA:19,2
DA:20,2
DA:21,1
DA:22,1
DA:24,1
DA:25,1
DA:30,1
DA:31,2
DA:32,2
DA:33,1
DA:35,1
DA:36,1
LF:21
LH:21
BRDA:11,0,0,1
BRDA:11,0,1,0
BRDA:24,1,0,1
BRDA:24,1,1,0
BRDA:35,2,0,1
BRDA:35,2,1,0
BRF:6
BRH:3
end_of_record
TN:
SF:app/screens/index.jsx
FN:6,Index
FN:13,(anonymous_1)
FN:14,(anonymous_2)
FNF:3
FNH:3
FNDA:6,Index
FNDA:1,(anonymous_1)
FNDA:1,(anonymous_2)
DA:7,6
DA:9,6
DA:13,1
DA:14,1
DA:32,1
LF:5
LH:5
BRF:0
BRH:0
end_of_record
TN:
SF:app/screens/login.jsx
FN:6,Login
FN:12,(anonymous_1)
FN:26,(anonymous_2)
FNF:3
FNH:3
FNDA:15,Login
FNDA:2,(anonymous_1)
FNDA:1,(anonymous_2)
DA:7,15
DA:8,15
DA:9,15
DA:10,15
DA:12,15
DA:13,2
DA:14,2
DA:15,2
DA:16,1
DA:17,1
DA:19,1
DA:21,1
DA:22,1
DA:26,15
DA:28,1
DA:31,15
DA:65,1
LF:17
LH:17
BRDA:54,0,0,2
BRDA:54,0,1,13
BRF:2
BRH:2
end_of_record
TN:
SF:app/screens/map.jsx
FN:7,Map
FNF:1
FNH:1
FNDA:2,Map
DA:8,2
DA:9,2
DA:11,2
DA:19,1
LF:4
LH:4
BRDA:9,0,0,2
BRDA:9,0,1,1
BRF:2
BRH:2
end_of_record
TN:
SF:app/screens/profile.jsx
FN:5,Profile
FNF:1
FNH:1
FNDA:2,Profile
DA:6,2
DA:14,1
LF:2
LH:2
BRF:0
BRH:0
end_of_record
TN:
SF:app/screens/register.jsx
FN:6,Register
FN:14,(anonymous_1)
FN:27,(anonymous_2)
FNF:3
FNH:2
FNDA:9,Register
FNDA:0,(anonymous_1)
FNDA:1,(anonymous_2)
DA:7,9
DA:8,9
DA:9,9
DA:10,9
DA:11,9
DA:12,9
DA:14,9
DA:15,0
DA:16,0
DA:17,0
DA:18,0
DA:19,0
DA:20,0
DA:22,0
DA:23,0
DA:27,9
DA:28,1
DA:31,9
DA:77,1
LF:19
LH:11
BRDA:67,0,0,0
BRDA:67,0,1,9
BRF:2
BRH:1
end_of_record
TN:
SF:app/screens/schedule.jsx
FN:22,Schedule
FN:33,(anonymous_1)
FN:42,(anonymous_2)
FN:67,(anonymous_3)
FN:103,(anonymous_4)
FN:108,(anonymous_5)
FN:123,(anonymous_6)
FN:138,(anonymous_7)
FN:148,(anonymous_8)
FN:160,(anonymous_9)
FN:167,(anonymous_10)
FNF:11
FNH:0
FNDA:0,Schedule
FNDA:0,(anonymous_1)
FNDA:0,(anonymous_2)
FNDA:0,(anonymous_3)
FNDA:0,(anonymous_4)
FNDA:0,(anonymous_5)
FNDA:0,(anonymous_6)
FNDA:0,(anonymous_7)
FNDA:0,(anonymous_8)
FNDA:0,(anonymous_9)
FNDA:0,(anonymous_10)
DA:16,0
DA:17,0
DA:18,0
DA:19,0
DA:20,0
DA:23,0
DA:24,0
DA:25,0
DA:28,0
DA:29,0
DA:30,0
DA:33,0
DA:34,0
DA:35,0
DA:36,0
DA:40,0
DA:42,0
DA:43,0
DA:46,0
DA:64,0
DA:67,0
DA:68,0
DA:69,0
DA:73,0
DA:85,0
DA:97,0
DA:103,0
DA:104,0
DA:109,0
DA:123,0
DA:124,0
DA:139,0
DA:148,0
DA:154,0
DA:160,0
DA:167,0
DA:226,0
LF:37
LH:0
BRDA:35,0,0,0
BRDA:35,0,1,0
BRDA:43,1,0,0
BRDA:43,1,1,0
BRDA:113,2,0,0
BRDA:113,2,1,0
BRDA:127,3,0,0
BRDA:127,3,1,0
BRDA:133,4,0,0
BRDA:133,4,1,0
BRDA:143,5,0,0
BRDA:143,5,1,0
BRDA:144,6,0,0
BRDA:144,6,1,0
BRDA:144,6,2,0
BRF:15
BRH:0
end_of_record
TN:
SF:components/Card.js
FN:6,(anonymous_0)
FNF:1
FNH:1
FNDA:2,(anonymous_0)
DA:6,1
DA:7,2
DA:15,1
LF:3
LH:3
BRF:0
BRH:0
end_of_record
TN:
SF:components/Chatbot.js
FN:6,(anonymous_0)
FN:11,(anonymous_1)
FN:15,(anonymous_2)
FN:21,(anonymous_3)
FN:24,(anonymous_4)
FN:32,(anonymous_5)
FN:40,(anonymous_6)
FNF:7
FNH:6
FNDA:10,(anonymous_0)
FNDA:2,(anonymous_1)
FNDA:2,(anonymous_2)
FNDA:1,(anonymous_3)
FNDA:1,(anonymous_4)
FNDA:0,(anonymous_5)
FNDA:6,(anonymous_6)
DA:6,1
DA:7,10
DA:8,10
DA:9,10
DA:11,10
DA:12,2
DA:14,2
DA:15,2
DA:16,2
DA:18,2
DA:19,2
DA:20,1
DA:21,1
DA:23,1
DA:24,1
DA:28,10
DA:32,0
DA:41,6
DA:72,1
LF:19
LH:18
BRDA:12,0,0,0
BRDA:12,0,1,2
BRDA:45,1,0,4
BRDA:45,1,1,2
BRDA:48,2,0,4
BRDA:48,2,1,2
BRF:6
BRH:5
end_of_record
TN:
SF:components/FloatingChatButton.js
FN:6,(anonymous_0)
FN:14,(anonymous_1)
FN:18,(anonymous_2)
FNF:3
FNH:3
FNDA:7,(anonymous_0)
FNDA:2,(anonymous_1)
FNDA:1,(anonymous_2)
DA:6,1
DA:7,7
DA:9,7
DA:14,2
DA:18,1
DA:23,1
LF:6
LH:6
BRDA:18,0,0,7
BRDA:18,0,1,2
BRF:2
BRH:2
end_of_record
TN:
SF:components/LoyolaMap.js
FN:7,(anonymous_0)
FN:12,(anonymous_1)
FN:13,(anonymous_2)
FN:31,(anonymous_3)
FN:34,(anonymous_4)
FN:36,(anonymous_5)
FN:74,(anonymous_6)
FNF:7
FNH:7
FNDA:29,(anonymous_0)
FNDA:866,(anonymous_1)
FNDA:866,(anonymous_2)
FNDA:3,(anonymous_3)
FNDA:3,(anonymous_4)
FNDA:1,(anonymous_5)
FNDA:27,(anonymous_6)
DA:7,1
DA:8,29
DA:9,29
DA:11,29
DA:12,866
DA:13,866
DA:15,29
DA:21,29
DA:22,3
DA:28,29
DA:31,1
DA:32,3
DA:34,3
DA:35,3
DA:36,1
DA:37,1
DA:39,1
DA:40,1
DA:50,3
DA:62,3
DA:75,27
DA:77,27
DA:106,1
LF:23
LH:23
BRDA:8,0,0,29
BRDA:8,0,1,26
BRDA:9,1,0,0
BRDA:9,1,1,29
BRDA:9,2,0,29
BRDA:9,2,1,29
BRDA:21,3,0,3
BRDA:21,3,1,26
BRDA:35,4,0,1
BRDA:35,4,1,2
BRDA:39,5,0,1
BRDA:39,5,1,0
BRDA:39,6,0,1
BRDA:39,6,1,1
BRDA:41,7,0,1
BRDA:41,7,1,0
BRDA:42,8,0,1
BRDA:42,8,1,0
BRDA:80,9,0,27
BRDA:80,9,1,27
BRDA:89,10,0,27
BRDA:89,10,1,27
BRDA:91,11,0,27
BRDA:91,11,1,24
BRDA:92,12,0,3
BRDA:92,12,1,24
BRDA:93,13,0,27
BRDA:93,13,1,0
BRDA:94,14,0,27
BRDA:94,14,1,0
BRF:30
BRH:24
end_of_record
TN:
SF:components/SGWBuildings.js
FNF:0
FNH:0
DA:1,2
LF:1
LH:1
BRF:0
BRH:0
end_of_record
TN:
SF:components/SGWMap.js
FN:6,(anonymous_0)
FN:9,(anonymous_1)
FN:11,(anonymous_2)
FN:47,(anonymous_3)
FNF:4
FNH:4
FNDA:4,(anonymous_0)
FNDA:4,(anonymous_1)
FNDA:1,(anonymous_2)
FNDA:28,(anonymous_3)
DA:6,1
DA:7,4
DA:9,4
DA:10,4
DA:11,1
DA:12,1
DA:14,1
DA:15,1
DA:25,4
DA:35,4
DA:48,28
DA:76,1
LF:12
LH:12
BRDA:10,0,0,1
BRDA:10,0,1,3
BRDA:14,1,0,1
BRDA:14,1,1,0
BRDA:14,2,0,1
BRDA:14,2,1,1
BRDA:57,3,0,28
BRDA:57,3,1,28
BRDA:61,4,0,28
BRDA:61,4,1,0
BRDA:64,5,0,28
BRDA:64,5,1,0
BRF:12
BRH:9
end_of_record
TN:
SF:components/ToggleCampusMap.js
FN:6,(anonymous_0)
FN:27,(anonymous_1)
FN:44,(anonymous_2)
FNF:3
FNH:3
FNDA:6,(anonymous_0)
FNDA:2,(anonymous_1)
FNDA:1,(anonymous_2)
DA:6,1
DA:7,6
DA:9,6
DA:27,2
DA:44,1
DA:60,1
LF:6
LH:6
BRDA:13,0,0,4
BRDA:13,0,1,2
BRDA:25,1,0,6
BRDA:25,1,1,2
BRDA:32,2,0,6
BRDA:32,2,1,2
BRDA:42,3,0,6
BRDA:42,3,1,4
BRDA:49,4,0,6
BRDA:49,4,1,4
BRF:10
BRH:10
end_of_record
TN:
SF:components/loyolaBuildings.js
FNF:0
FNH:0
DA:1,2
LF:1
LH:1
BRF:0
BRH:0
end_of_record
