TN:
SF:app/index.jsx
FN:8,MapScreen
FNF:1
FNH:1
FNDA:2,MapScreen
DA:9,2
DA:10,2
DA:12,2
DA:20,1
LF:4
LH:4
BRDA:10,0,0,2
BRDA:10,0,1,1
BRF:2
BRH:2
end_of_record
TN:
SF:app/api/auth.js
FN:6,(anonymous_0)
FN:17,(anonymous_1)
FN:30,(anonymous_2)
FNF:3
FNH:3
FNDA:2,(anonymous_0)
FNDA:2,(anonymous_1)
FNDA:2,(anonymous_2)
DA:3,1
DA:6,1
DA:7,2
DA:8,2
DA:9,1
DA:11,1
DA:12,1
DA:17,1
DA:18,2
DA:19,2
DA:20,2
DA:21,1
DA:22,1
DA:24,1
DA:25,1
DA:30,1
DA:31,2
DA:32,2
DA:33,1
DA:35,1
DA:36,1
LF:21
LH:21
BRDA:11,0,0,1
BRDA:11,0,1,0
BRDA:24,1,0,1
BRDA:24,1,1,0
BRDA:35,2,0,1
BRDA:35,2,1,0
BRF:6
BRH:3
end_of_record
TN:
SF:app/api/googleCalendar.js
FN:4,(anonymous_0)
FNF:1
FNH:1
FNDA:5,(anonymous_0)
DA:4,2
DA:5,5
DA:6,5
DA:7,5
DA:8,1
DA:9,1
DA:12,4
DA:14,4
DA:15,1
DA:16,1
DA:20,3
DA:31,2
DA:32,2
DA:33,1
DA:34,1
DA:37,1
DA:38,1
DA:40,1
DA:41,1
LF:19
LH:19
BRDA:7,0,0,1
BRDA:7,0,1,4
BRDA:14,1,0,1
BRDA:14,1,1,3
BRDA:32,2,0,1
BRDA:32,2,1,1
BRDA:38,3,0,1
BRDA:38,3,1,0
BRF:8
BRH:7
end_of_record
TN:
SF:app/auth/login.jsx
FN:13,Login
FN:29,(anonymous_1)
FN:50,(anonymous_2)
FN:55,(anonymous_3)
FN:59,(anonymous_4)
FN:60,(anonymous_5)
FN:64,(anonymous_6)
FN:71,(anonymous_7)
FN:78,(anonymous_8)
FN:79,(anonymous_9)
FN:88,(anonymous_10)
FN:93,(anonymous_11)
FN:138,(anonymous_12)
FN:138,(anonymous_13)
FNF:14
FNH:9
FNDA:23,Login
FNDA:4,(anonymous_1)
FNDA:7,(anonymous_2)
FNDA:2,(anonymous_3)
FNDA:0,(anonymous_4)
FNDA:0,(anonymous_5)
FNDA:0,(anonymous_6)
FNDA:2,(anonymous_7)
FNDA:1,(anonymous_8)
FNDA:1,(anonymous_9)
FNDA:1,(anonymous_10)
FNDA:1,(anonymous_11)
FNDA:0,(anonymous_12)
FNDA:0,(anonymous_13)
DA:14,23
DA:15,21
DA:16,21
DA:17,21
DA:18,21
DA:20,21
DA:21,21
DA:23,21
DA:29,21
DA:30,4
DA:38,21
DA:50,19
DA:51,7
DA:52,2
DA:53,2
DA:54,2
DA:56,2
DA:57,2
DA:58,2
DA:59,2
DA:60,0
DA:61,0
DA:65,0
DA:66,0
DA:71,19
DA:72,2
DA:73,2
DA:74,2
DA:75,1
DA:76,1
DA:77,1
DA:78,1
DA:79,1
DA:80,1
DA:83,1
DA:84,1
DA:88,19
DA:89,1
DA:93,19
DA:94,1
DA:97,19
DA:138,0
DA:144,2
LF:43
LH:38
BRDA:51,0,0,2
BRDA:51,0,1,5
BRDA:58,1,0,2
BRDA:58,1,1,0
BRDA:121,2,0,2
BRDA:121,2,1,17
BRF:6
BRH:5
end_of_record
TN:
SF:app/auth/register.jsx
FN:7,Register
FN:15,(anonymous_1)
FN:33,(anonymous_2)
FNF:3
FNH:3
FNDA:22,Register
FNDA:2,(anonymous_1)
FNDA:1,(anonymous_2)
DA:8,22
DA:9,21
DA:10,21
DA:11,21
DA:12,21
DA:13,21
DA:15,21
DA:16,2
DA:17,0
DA:18,0
DA:21,2
DA:22,2
DA:23,2
DA:24,1
DA:25,1
DA:26,1
DA:28,1
DA:29,1
DA:33,21
DA:34,1
DA:37,21
LF:21
LH:19
BRDA:16,0,0,0
BRDA:16,0,1,2
BRDA:16,1,0,2
BRDA:16,1,1,2
BRDA:16,1,2,2
BRDA:16,1,3,2
BRDA:79,2,0,2
BRDA:79,2,1,19
BRF:8
BRH:7
end_of_record
TN:
SF:app/screens/directions.jsx
FN:20,DirectionsScreen
FN:80,(anonymous_1)
FN:88,(anonymous_2)
FN:96,(anonymous_3)
FN:126,(anonymous_4)
FN:171,(anonymous_5)
FN:182,(anonymous_6)
FN:194,(anonymous_7)
FN:210,(anonymous_8)
FN:216,(anonymous_9)
FN:220,(anonymous_10)
FN:223,(anonymous_11)
FN:253,(anonymous_12)
FN:258,(anonymous_13)
FN:277,(anonymous_14)
FN:281,(anonymous_15)
FN:285,(anonymous_16)
FN:306,(anonymous_17)
FNF:18
FNH:14
FNDA:151,DirectionsScreen
FNDA:126,(anonymous_1)
FNDA:1,(anonymous_2)
FNDA:19,(anonymous_3)
FNDA:3,(anonymous_4)
FNDA:40,(anonymous_5)
FNDA:14,(anonymous_6)
FNDA:0,(anonymous_7)
FNDA:16,(anonymous_8)
FNDA:16,(anonymous_9)
FNDA:18,(anonymous_10)
FNDA:18,(anonymous_11)
FNDA:0,(anonymous_12)
FNDA:0,(anonymous_13)
FNDA:18,(anonymous_14)
FNDA:1,(anonymous_15)
FNDA:0,(anonymous_16)
FNDA:1,(anonymous_17)
DA:23,151
DA:25,151
DA:26,151
DA:28,151
DA:29,0
DA:30,0
DA:32,151
DA:33,151
DA:35,0
DA:36,0
DA:39,151
DA:40,0
DA:41,0
DA:45,151
DA:48,151
DA:49,150
DA:50,150
DA:51,150
DA:52,150
DA:53,150
DA:54,150
DA:55,150
DA:56,150
DA:57,150
DA:58,150
DA:59,150
DA:60,150
DA:61,150
DA:62,150
DA:63,150
DA:67,150
DA:68,150
DA:69,150
DA:70,150
DA:71,150
DA:72,150
DA:75,150
DA:76,0
DA:80,150
DA:81,126
DA:84,126
DA:88,150
DA:89,1
DA:91,1
DA:92,1
DA:96,150
DA:97,19
DA:100,18
DA:101,2
DA:102,2
DA:103,2
DA:104,2
DA:106,2
DA:107,1
DA:108,1
DA:110,1
DA:118,1
DA:119,1
DA:122,1
DA:124,1
DA:125,1
DA:126,3
DA:130,1
DA:131,1
DA:132,1
DA:138,0
DA:139,0
DA:141,1
DA:143,1
DA:148,1
DA:153,16
DA:154,16
DA:155,16
DA:156,16
DA:158,16
DA:161,14
DA:164,14
DA:165,0
DA:168,14
DA:170,14
DA:171,40
DA:176,14
DA:177,14
DA:178,14
DA:182,14
DA:188,14
DA:192,14
DA:193,0
DA:194,0
DA:195,0
DA:196,0
DA:207,2
DA:208,2
DA:210,16
DA:211,16
DA:216,150
DA:217,16
DA:220,150
DA:223,18
DA:224,18
DA:225,18
DA:226,18
DA:227,18
DA:228,1
DA:231,17
DA:235,16
DA:240,16
DA:241,16
DA:242,16
DA:243,16
DA:247,16
DA:254,0
DA:258,0
DA:259,0
DA:260,0
DA:261,0
DA:262,0
DA:269,2
DA:270,2
DA:272,18
DA:276,18
DA:277,18
DA:281,150
DA:282,1
DA:285,150
DA:286,0
DA:290,150
DA:307,1
DA:308,1
DA:427,1
LF:130
LH:109
BRDA:28,0,0,0
BRDA:28,0,1,151
BRDA:28,1,0,151
BRDA:28,1,1,151
BRDA:39,2,0,0
BRDA:39,2,1,151
BRDA:39,3,0,151
BRDA:39,3,1,151
BRDA:39,3,2,151
BRDA:45,4,0,151
BRDA:45,4,1,0
BRDA:75,5,0,0
BRDA:75,5,1,150
BRDA:97,6,0,1
BRDA:97,6,1,18
BRDA:97,7,0,19
BRDA:97,7,1,19
BRDA:100,8,0,2
BRDA:100,8,1,16
BRDA:106,9,0,1
BRDA:106,9,1,1
BRDA:106,10,0,2
BRDA:106,10,1,1
BRDA:106,10,2,1
BRDA:106,10,3,0
BRDA:107,11,0,1
BRDA:107,11,1,0
BRDA:124,12,0,1
BRDA:124,12,1,0
BRDA:124,13,0,1
BRDA:124,13,1,1
BRDA:164,14,0,0
BRDA:164,14,1,14
BRDA:164,15,0,14
BRDA:164,15,1,14
BRDA:192,16,0,0
BRDA:192,16,1,14
BRDA:195,17,0,0
BRDA:195,17,1,0
BRDA:227,18,0,1
BRDA:227,18,1,17
BRDA:241,19,0,16
BRDA:241,19,1,0
BRDA:260,20,0,0
BRDA:260,20,1,0
BRDA:339,21,0,150
BRDA:339,21,1,126
BRDA:352,22,0,150
BRDA:352,22,1,111
BRDA:352,22,2,0
BRDA:359,23,0,150
BRDA:359,23,1,150
BRDA:360,24,0,150
BRDA:360,24,1,50
BRDA:371,25,0,150
BRDA:371,25,1,71
BRDA:376,26,0,150
BRDA:376,26,1,10
BRDA:415,27,0,150
BRDA:415,27,1,38
BRDA:415,27,2,26
BRF:61
BRH:46
end_of_record
TN:
SF:app/screens/index.jsx
FN:7,Index
FN:21,(anonymous_1)
FN:26,(anonymous_2)
FN:34,(anonymous_3)
FN:46,(anonymous_4)
FNF:5
FNH:5
FNDA:10,Index
FNDA:1,(anonymous_1)
FNDA:1,(anonymous_2)
FNDA:1,(anonymous_3)
FNDA:1,(anonymous_4)
DA:8,10
DA:10,10
DA:21,1
DA:26,1
DA:34,1
DA:46,1
DA:57,1
LF:7
LH:7
BRF:0
BRH:0
end_of_record
TN:
SF:app/screens/profile.jsx
FN:9,Profile
FN:16,(anonymous_1)
FN:17,(anonymous_2)
FN:25,(anonymous_3)
FN:26,loadImage
FN:33,(anonymous_5)
FN:65,(anonymous_6)
FN:102,(anonymous_7)
FNF:8
FNH:7
FNDA:15,Profile
FNDA:6,(anonymous_1)
FNDA:6,(anonymous_2)
FNDA:6,(anonymous_3)
FNDA:6,loadImage
FNDA:3,(anonymous_5)
FNDA:1,(anonymous_6)
FNDA:0,(anonymous_7)
DA:10,15
DA:11,15
DA:12,15
DA:13,14
DA:16,14
DA:17,6
DA:18,6
DA:19,6
DA:20,1
DA:25,14
DA:27,6
DA:28,6
DA:30,6
DA:33,14
DA:34,3
DA:35,3
DA:36,0
DA:37,0
DA:39,3
DA:41,3
DA:44,3
DA:50,2
DA:51,1
DA:52,1
DA:53,1
DA:54,1
DA:56,1
DA:57,1
DA:61,14
DA:62,4
DA:65,1
DA:72,10
DA:102,0
DA:111,1
LF:34
LH:31
BRDA:19,0,0,1
BRDA:19,0,1,5
BRDA:28,1,0,4
BRDA:28,1,1,2
BRDA:35,2,0,0
BRDA:35,2,1,3
BRDA:41,3,0,3
BRDA:41,3,1,0
BRDA:41,4,0,3
BRDA:41,4,1,3
BRDA:50,5,0,1
BRDA:50,5,1,1
BRDA:61,6,0,4
BRDA:61,6,1,10
BRDA:74,7,0,10
BRDA:74,7,1,3
BRDA:81,8,0,0
BRDA:81,8,1,10
BRDA:88,9,0,5
BRDA:88,9,1,5
BRDA:99,10,0,0
BRDA:99,10,1,10
BRF:22
BRH:18
end_of_record
TN:
SF:app/screens/schedule.jsx
FN:31,Schedule
FN:55,(anonymous_1)
FN:64,(anonymous_2)
FN:70,(anonymous_3)
FN:75,(anonymous_4)
FN:80,(anonymous_5)
FN:96,(anonymous_6)
FN:105,(anonymous_7)
FN:112,(anonymous_8)
FN:121,(anonymous_9)
FN:128,(anonymous_10)
FN:135,(anonymous_11)
FN:141,(anonymous_12)
FN:143,(anonymous_13)
FN:163,(anonymous_14)
FN:210,(anonymous_15)
FN:210,(anonymous_16)
FN:243,(anonymous_17)
FN:253,(anonymous_18)
FN:306,(anonymous_19)
FN:308,(anonymous_20)
FN:330,(anonymous_21)
FNF:22
FNH:16
FNDA:36,Schedule
FNDA:435,(anonymous_1)
FNDA:1,(anonymous_2)
FNDA:7,(anonymous_3)
FNDA:5,(anonymous_4)
FNDA:0,(anonymous_5)
FNDA:29,(anonymous_6)
FNDA:29,(anonymous_7)
FNDA:145,(anonymous_8)
FNDA:290,(anonymous_9)
FNDA:1450,(anonymous_10)
FNDA:1,(anonymous_11)
FNDA:29,(anonymous_12)
FNDA:7,(anonymous_13)
FNDA:1,(anonymous_14)
FNDA:0,(anonymous_15)
FNDA:0,(anonymous_16)
FNDA:361,(anonymous_17)
FNDA:1,(anonymous_18)
FNDA:0,(anonymous_19)
FNDA:0,(anonymous_20)
FNDA:0,(anonymous_21)
DA:22,2
DA:25,2
DA:26,2
DA:27,2
DA:28,2
DA:29,2
DA:32,36
DA:33,30
DA:34,29
DA:35,29
DA:36,29
DA:37,29
DA:38,29
DA:39,29
DA:40,29
DA:41,29
DA:42,29
DA:50,29
DA:51,29
DA:52,29
DA:55,29
DA:56,435
DA:57,435
DA:61,29
DA:64,29
DA:65,1
DA:66,1
DA:70,29
DA:71,7
DA:72,7
DA:74,5
DA:75,5
DA:76,5
DA:78,2
DA:79,2
DA:80,0
DA:81,0
DA:83,2
DA:84,2
DA:85,2
DA:86,2
DA:87,2
DA:89,0
DA:91,2
DA:96,29
DA:97,29
DA:98,0
DA:99,0
DA:100,0
DA:105,29
DA:106,29
DA:113,145
DA:121,29
DA:122,290
DA:129,1450
DA:135,29
DA:136,1
DA:137,1
DA:141,29
DA:142,29
DA:144,7
DA:145,7
DA:148,7
DA:149,7
DA:152,7
DA:154,7
DA:155,7
DA:158,7
DA:159,7
DA:160,7
DA:162,7
DA:163,1
DA:181,29
DA:193,29
DA:205,29
DA:210,0
DA:243,361
DA:253,1
DA:306,0
DA:308,0
DA:330,0
DA:343,2
LF:82
LH:72
BRDA:72,0,0,5
BRDA:72,0,1,2
BRDA:79,1,0,0
BRDA:79,1,1,2
BRDA:86,2,0,2
BRDA:86,2,1,0
BRDA:97,3,0,0
BRDA:97,3,1,29
BRDA:144,4,0,7
BRDA:144,4,1,0
BRDA:145,5,0,7
BRDA:145,5,1,0
BRDA:159,6,0,0
BRDA:159,6,1,7
BRDA:159,7,0,7
BRDA:159,7,1,7
BRDA:223,8,0,6
BRDA:223,8,1,23
BRDA:229,9,0,29
BRDA:229,9,1,5
BRDA:312,10,0,29
BRDA:312,10,1,1
BRDA:316,11,0,1
BRDA:316,11,1,0
BRDA:319,12,0,1
BRDA:319,12,1,0
BRDA:321,13,0,1
BRDA:321,13,1,0
BRF:28
BRH:19
end_of_record
TN:
SF:components/BuildingMap.js
FN:11,(anonymous_0)
FN:29,(anonymous_1)
FN:31,(anonymous_2)
FN:47,(anonymous_3)
FN:48,(anonymous_4)
FN:51,(anonymous_5)
FN:58,(anonymous_6)
FN:60,(anonymous_7)
FN:75,(anonymous_8)
FN:113,(anonymous_9)
FNF:10
FNH:9
FNDA:33,(anonymous_0)
FNDA:21,(anonymous_1)
FNDA:10,(anonymous_2)
FNDA:17,(anonymous_3)
FNDA:17,(anonymous_4)
FNDA:0,(anonymous_5)
FNDA:17,(anonymous_6)
FNDA:10,(anonymous_7)
FNDA:2,(anonymous_8)
FNDA:263,(anonymous_9)
DA:11,2
DA:20,33
DA:21,33
DA:22,33
DA:23,33
DA:24,33
DA:25,33
DA:26,33
DA:29,33
DA:30,21
DA:31,4
DA:32,10
DA:34,4
DA:35,3
DA:36,3
DA:47,33
DA:48,17
DA:49,17
DA:50,17
DA:51,0
DA:52,0
DA:58,33
DA:59,17
DA:60,10
DA:61,10
DA:66,10
DA:70,10
DA:75,33
DA:76,2
DA:77,2
DA:78,2
DA:84,0
DA:90,2
DA:94,33
DA:114,263
LF:35
LH:32
BRDA:30,0,0,4
BRDA:30,0,1,17
BRDA:34,1,0,3
BRDA:34,1,1,1
BRDA:34,2,0,4
BRDA:34,2,1,3
BRDA:50,3,0,17
BRDA:50,3,1,0
BRDA:59,4,0,7
BRDA:59,4,1,10
BRDA:59,5,0,17
BRDA:59,5,1,10
BRDA:70,6,0,10
BRDA:70,6,1,0
BRDA:76,7,0,2
BRDA:76,7,1,0
BRDA:77,8,0,2
BRDA:77,8,1,0
BRDA:77,9,0,2
BRDA:77,9,1,2
BRDA:103,10,0,33
BRDA:103,10,1,23
BRDA:123,11,0,33
BRDA:123,11,1,12
BRF:24
BRH:20
end_of_record
TN:
SF:components/BuildingMarker.js
FN:6,(anonymous_0)
FN:11,(anonymous_1)
FN:30,(anonymous_2)
FN:42,(anonymous_3)
FN:44,(anonymous_4)
FN:47,(anonymous_5)
FNF:6
FNH:5
FNDA:10,(anonymous_0)
FNDA:1,(anonymous_1)
FNDA:1,(anonymous_2)
FNDA:0,(anonymous_3)
FNDA:11,(anonymous_4)
FNDA:1,(anonymous_5)
DA:6,1
DA:7,10
DA:12,1
DA:13,1
DA:14,1
DA:31,1
DA:32,1
DA:42,0
DA:44,1
DA:45,11
DA:47,11
DA:48,1
DA:49,1
DA:50,1
DA:52,1
DA:53,1
DA:55,1
DA:56,1
DA:58,1
DA:59,1
DA:61,1
DA:62,1
DA:64,1
DA:67,11
DA:69,10
DA:101,1
LF:26
LH:25
BRDA:49,0,0,1
BRDA:49,0,1,0
BRDA:52,1,0,1
BRDA:52,1,1,0
BRDA:55,2,0,1
BRDA:55,2,1,0
BRDA:58,3,0,1
BRDA:58,3,1,0
BRDA:61,4,0,1
BRDA:61,4,1,0
BRDA:67,5,0,1
BRDA:67,5,1,10
BRDA:75,6,0,9
BRDA:75,6,1,1
BRDA:88,7,0,10
BRDA:88,7,1,9
BRDA:90,8,0,9
BRDA:90,8,1,1
BRDA:91,9,0,1
BRDA:91,9,1,8
BRF:20
BRH:15
end_of_record
TN:
SF:components/Card.js
FN:6,(anonymous_0)
FNF:1
FNH:1
FNDA:2,(anonymous_0)
DA:6,1
DA:7,2
DA:15,1
LF:3
LH:3
BRF:0
BRH:0
end_of_record
TN:
SF:components/Chatbot.js
FN:15,(anonymous_0)
FN:20,(anonymous_1)
FN:24,(anonymous_2)
FN:30,(anonymous_3)
FN:37,(anonymous_4)
FN:41,(anonymous_5)
FN:68,(anonymous_6)
FNF:7
FNH:7
FNDA:10,(anonymous_0)
FNDA:2,(anonymous_1)
FNDA:2,(anonymous_2)
FNDA:1,(anonymous_3)
FNDA:1,(anonymous_4)
FNDA:8,(anonymous_5)
FNDA:6,(anonymous_6)
DA:15,1
DA:16,10
DA:17,10
DA:18,10
DA:20,10
DA:21,2
DA:23,2
DA:24,2
DA:25,2
DA:27,2
DA:28,2
DA:29,1
DA:30,1
DA:32,1
DA:37,1
DA:41,10
DA:42,8
DA:43,8
DA:47,10
DA:69,6
DA:103,1
LF:21
LH:21
BRDA:21,0,0,0
BRDA:21,0,1,2
BRDA:42,1,0,8
BRDA:42,1,1,0
BRDA:73,2,0,4
BRDA:73,2,1,2
BRDA:76,3,0,4
BRDA:76,3,1,2
BRF:8
BRH:6
end_of_record
TN:
SF:components/CustomModal.jsx
FN:4,(anonymous_0)
FNF:1
FNH:1
FNDA:54,(anonymous_0)
DA:4,5
DA:5,54
DA:40,5
LF:3
LH:3
BRDA:19,0,0,7
BRDA:19,0,1,47
BRDA:23,1,0,54
BRDA:23,1,1,21
BRDA:23,2,0,4
BRDA:23,2,1,17
BRF:6
BRH:6
end_of_record
TN:
SF:components/FloatingChatButton.js
FN:6,(anonymous_0)
FN:14,(anonymous_1)
FN:18,(anonymous_2)
FNF:3
FNH:3
FNDA:7,(anonymous_0)
FNDA:2,(anonymous_1)
FNDA:1,(anonymous_2)
DA:6,1
DA:7,7
DA:9,7
DA:14,2
DA:18,1
DA:23,1
LF:6
LH:6
BRDA:18,0,0,7
BRDA:18,0,1,2
BRF:2
BRH:2
end_of_record
TN:
SF:components/GoogleSearchBar.js
FN:8,GoogleSearchBar
FN:11,(anonymous_1)
FN:23,(anonymous_2)
FNF:3
FNH:3
FNDA:6,GoogleSearchBar
FNDA:6,(anonymous_1)
FNDA:3,(anonymous_2)
DA:9,6
DA:11,6
DA:12,6
DA:13,2
DA:17,6
DA:24,3
DA:25,2
DA:29,2
LF:8
LH:8
BRDA:12,0,0,2
BRDA:12,0,1,4
BRDA:12,1,0,6
BRDA:12,1,1,6
BRDA:23,2,0,0
BRDA:24,3,0,2
BRDA:24,3,1,1
BRF:7
BRH:6
end_of_record
TN:
SF:components/LoyolaMap.js
FN:6,(anonymous_0)
FN:11,(anonymous_1)
FN:12,(anonymous_2)
FN:31,(anonymous_3)
FN:47,(anonymous_4)
FNF:5
FNH:5
FNDA:145,(anonymous_0)
FNDA:4320,(anonymous_1)
FNDA:4320,(anonymous_2)
FNDA:1,(anonymous_3)
FNDA:8,(anonymous_4)
DA:6,1
DA:7,145
DA:8,145
DA:10,144
DA:11,4320
DA:12,4320
DA:14,144
DA:20,144
DA:21,16
DA:27,144
DA:31,1
DA:32,1
DA:33,1
DA:36,1
DA:43,1
DA:44,1
DA:45,1
DA:47,1
DA:48,8
LF:19
LH:19
BRDA:7,0,0,145
BRDA:7,0,1,129
BRDA:8,1,0,1
BRDA:8,1,1,144
BRDA:8,2,0,145
BRDA:8,2,1,144
BRDA:20,3,0,16
BRDA:20,3,1,128
BRDA:33,4,0,1
BRDA:33,4,1,0
BRF:10
BRH:9
end_of_record
TN:
SF:components/ProfileButton.jsx
FN:7,(anonymous_0)
FN:12,(anonymous_1)
FN:32,(anonymous_2)
FN:39,(anonymous_3)
FN:45,(anonymous_4)
FN:48,(anonymous_5)
FN:54,(anonymous_6)
FN:57,(anonymous_7)
FN:62,(anonymous_8)
FNF:9
FNH:7
FNDA:16,(anonymous_0)
FNDA:4,(anonymous_1)
FNDA:6,(anonymous_2)
FNDA:0,(anonymous_3)
FNDA:1,(anonymous_4)
FNDA:1,(anonymous_5)
FNDA:1,(anonymous_6)
FNDA:1,(anonymous_7)
FNDA:0,(anonymous_8)
DA:7,1
DA:8,16
DA:9,16
DA:10,16
DA:12,16
DA:13,4
DA:14,4
DA:15,2
DA:16,1
DA:17,1
DA:18,1
DA:19,1
DA:22,2
DA:23,1
DA:24,1
DA:25,1
DA:30,16
DA:32,6
DA:39,0
DA:45,1
DA:48,1
DA:54,1
DA:57,1
DA:62,0
DA:72,1
LF:25
LH:23
BRDA:14,0,0,2
BRDA:14,0,1,2
BRDA:15,1,0,1
BRDA:15,1,1,1
BRDA:17,2,0,1
BRDA:17,2,1,0
BRDA:22,3,0,1
BRDA:22,3,1,1
BRDA:24,4,0,1
BRDA:24,4,1,0
BRDA:43,5,0,8
BRDA:43,5,1,8
BRF:12
BRH:10
end_of_record
TN:
SF:components/SGWBuildings.js
FNF:0
FNH:0
DA:1,2
LF:1
LH:1
BRF:0
BRH:0
end_of_record
TN:
SF:components/SGWMap.js
FN:6,(anonymous_0)
FN:11,(anonymous_1)
FN:12,(anonymous_2)
FN:21,(anonymous_3)
FN:36,(anonymous_4)
FNF:5
FNH:5
FNDA:119,(anonymous_0)
FNDA:2231,(anonymous_1)
FNDA:2231,(anonymous_2)
FNDA:2,(anonymous_3)
FNDA:10,(anonymous_4)
DA:6,1
DA:7,119
DA:8,119
DA:10,118
DA:11,2231
DA:12,2231
DA:14,118
DA:21,1
DA:22,2
DA:25,1
DA:32,1
DA:33,1
DA:34,1
DA:36,1
DA:37,10
LF:15
LH:15
BRDA:7,0,0,119
BRDA:7,0,1,119
BRDA:8,1,0,1
BRDA:8,1,1,118
BRDA:8,2,0,119
BRDA:8,2,1,118
BRF:6
BRH:6
end_of_record
TN:
SF:components/SearchBar.js
FN:5,(anonymous_0)
FN:8,(anonymous_1)
FN:11,(anonymous_2)
FN:20,(anonymous_3)
FN:44,(anonymous_4)
FN:45,(anonymous_5)
FN:46,(anonymous_6)
FNF:7
FNH:7
FNDA:51,(anonymous_0)
FNDA:12,(anonymous_1)
FNDA:48,(anonymous_2)
FNDA:2,(anonymous_3)
FNDA:19,(anonymous_4)
FNDA:12,(anonymous_5)
FNDA:2,(anonymous_6)
DA:5,3
DA:6,51
DA:8,51
DA:9,12
DA:10,12
DA:11,10
DA:12,48
DA:14,10
DA:16,2
DA:20,51
DA:21,2
DA:22,2
DA:23,2
DA:26,51
DA:44,19
DA:46,12
DA:57,3
LF:17
LH:17
BRDA:5,0,0,0
BRDA:10,1,0,10
BRDA:10,1,1,2
BRDA:23,2,0,1
BRDA:23,2,1,1
BRDA:32,3,0,51
BRDA:32,3,1,50
BRDA:39,4,0,51
BRDA:39,4,1,8
BRF:9
BRH:8
end_of_record
TN:
SF:components/ToggleCampusMap.js
FN:7,(anonymous_0)
FN:11,(anonymous_1)
FN:30,(anonymous_2)
FN:41,(anonymous_3)
FNF:4
FNH:4
FNDA:6,(anonymous_0)
FNDA:4,(anonymous_1)
FNDA:1,(anonymous_2)
FNDA:1,(anonymous_3)
DA:7,1
DA:8,6
DA:9,6
DA:11,6
DA:12,4
DA:13,4
DA:17,6
DA:30,1
DA:41,1
DA:54,1
LF:10
LH:10
BRDA:9,0,0,6
BRDA:9,0,1,0
BRDA:12,1,0,4
BRDA:12,1,1,0
BRDA:20,2,0,5
BRDA:20,2,1,1
BRDA:29,3,0,6
BRDA:29,3,1,1
BRDA:33,4,0,6
BRDA:33,4,1,1
BRDA:40,5,0,6
BRDA:40,5,1,5
BRDA:44,6,0,6
BRDA:44,6,1,5
BRF:14
BRH:12
end_of_record
TN:
SF:components/loyolaBuildings.js
FNF:0
FNH:0
DA:1,2
LF:1
LH:1
BRF:0
BRH:0
end_of_record
TN:
SF:components/mapStyles.js
FNF:0
FNH:0
DA:3,2
LF:1
LH:1
BRF:0
BRH:0
end_of_record
TN:
SF:components/directions/LocationSelector.js
FN:9,(anonymous_0)
FN:54,(anonymous_1)
FN:99,(anonymous_2)
FN:131,(anonymous_3)
FN:151,(anonymous_4)
FN:170,(anonymous_5)
FN:197,(anonymous_6)
FN:201,(anonymous_7)
FNF:8
FNH:8
FNDA:10,(anonymous_0)
FNDA:4,(anonymous_1)
FNDA:2,(anonymous_2)
FNDA:5,(anonymous_3)
FNDA:1,(anonymous_4)
FNDA:4,(anonymous_5)
FNDA:40,(anonymous_6)
FNDA:5,(anonymous_7)
DA:9,1
DA:34,10
DA:35,10
DA:42,10
DA:49,10
DA:54,10
DA:55,4
DA:56,4
DA:57,1
DA:58,1
DA:61,3
DA:63,2
DA:64,0
DA:66,2
DA:67,2
DA:70,1
DA:74,1
DA:76,1
DA:77,1
DA:78,0
DA:82,1
DA:85,1
DA:86,1
DA:88,0
DA:90,2
DA:92,2
DA:93,2
DA:94,2
DA:99,10
DA:100,2
DA:101,2
DA:102,1
DA:103,1
DA:105,1
DA:108,1
DA:110,0
DA:111,0
DA:112,0
DA:113,0
DA:115,0
DA:116,0
DA:117,0
DA:119,1
DA:120,1
DA:121,1
DA:123,0
DA:125,1
DA:126,1
DA:131,10
DA:132,5
DA:133,5
DA:135,5
DA:136,5
DA:138,5
DA:139,5
DA:140,5
DA:144,10
DA:151,1
DA:170,4
DA:198,40
DA:201,5
LF:61
LH:50
BRDA:39,0,0,0
BRDA:39,0,1,10
BRDA:46,1,0,0
BRDA:46,1,1,10
BRDA:56,2,0,1
BRDA:56,2,1,3
BRDA:61,3,0,2
BRDA:61,3,1,1
BRDA:61,3,2,1
BRDA:61,3,3,0
BRDA:63,4,0,0
BRDA:63,4,1,2
BRDA:92,5,0,2
BRDA:92,5,1,0
BRDA:92,6,0,2
BRDA:92,6,1,2
BRDA:101,7,0,1
BRDA:101,7,1,1
BRDA:105,8,0,1
BRDA:105,8,1,0
BRDA:108,9,0,0
BRDA:108,9,1,0
BRDA:108,9,2,1
BRDA:108,9,3,0
BRDA:138,10,0,5
BRDA:138,10,1,5
BRDA:139,11,0,5
BRDA:139,11,1,0
BRDA:139,12,0,5
BRDA:139,12,1,5
BRDA:200,13,0,40
BRDA:200,13,1,10
BRDA:204,14,0,10
BRDA:204,14,1,30
BRDA:207,15,0,0
BRDA:207,15,1,10
BRDA:213,16,0,10
BRDA:213,16,1,20
BRDA:213,17,0,10
BRDA:213,17,1,10
BRDA:215,18,0,10
BRDA:215,18,1,20
BRF:42
BRH:31
end_of_record
TN:
SF:components/directions/ModalSearchBars.js
FN:10,(anonymous_0)
FN:37,(anonymous_1)
FN:40,(anonymous_2)
FN:51,(anonymous_3)
FN:66,(anonymous_4)
FN:73,(anonymous_5)
FN:91,(anonymous_6)
FN:149,(anonymous_7)
FN:153,(anonymous_8)
FNF:9
FNH:9
FNDA:26,(anonymous_0)
FNDA:7,(anonymous_1)
FNDA:14,(anonymous_2)
FNDA:2,(anonymous_3)
FNDA:2,(anonymous_4)
FNDA:2,(anonymous_5)
FNDA:1,(anonymous_6)
FNDA:6,(anonymous_7)
FNDA:2,(anonymous_8)
DA:10,1
DA:32,26
DA:33,26
DA:34,26
DA:35,26
DA:37,26
DA:38,7
DA:39,7
DA:40,7
DA:41,14
DA:44,7
DA:45,7
DA:47,0
DA:48,0
DA:51,26
DA:52,2
DA:53,2
DA:54,2
DA:56,2
DA:60,2
DA:61,2
DA:62,2
DA:63,2
DA:66,26
DA:68,2
DA:69,2
DA:70,2
DA:73,26
DA:74,2
DA:78,2
DA:79,2
DA:80,2
DA:81,2
DA:82,2
DA:86,2
DA:87,2
DA:91,26
DA:92,1
DA:93,1
DA:94,1
DA:100,26
DA:150,6
DA:153,2
LF:43
LH:41
BRDA:39,0,0,7
BRDA:39,0,1,0
BRDA:41,1,0,14
BRDA:41,1,1,8
BRDA:70,2,0,2
BRDA:70,2,1,0
BRDA:118,3,0,3
BRDA:118,3,1,23
BRDA:122,4,0,3
BRDA:122,4,1,23
BRDA:125,5,0,3
BRDA:125,5,1,3
BRDA:126,6,0,3
BRDA:126,6,1,3
BRDA:137,7,0,23
BRDA:137,7,1,16
BRDA:147,8,0,23
BRDA:147,8,1,7
BRDA:147,8,2,6
BRF:19
BRH:17
end_of_record
TN:
SF:components/directions/SwipeUpModal.js
FN:6,(anonymous_0)
FN:17,(anonymous_1)
FN:19,(anonymous_2)
FN:21,(anonymous_3)
FN:65,(anonymous_4)
FN:66,(anonymous_5)
FNF:6
FNH:5
FNDA:13,(anonymous_0)
FNDA:8,(anonymous_1)
FNDA:8,(anonymous_2)
FNDA:1,(anonymous_3)
FNDA:0,(anonymous_4)
FNDA:8,(anonymous_5)
DA:6,1
DA:7,13
DA:8,13
DA:9,9
DA:10,5
DA:11,4
DA:12,3
DA:13,2
DA:14,1
DA:17,1
DA:18,8
DA:19,8
DA:21,8
DA:22,1
DA:25,8
DA:26,8
DA:28,8
DA:65,0
DA:67,8
DA:91,1
LF:20
LH:19
BRDA:8,0,0,4
BRDA:8,0,1,9
BRDA:9,1,0,4
BRDA:9,1,1,5
BRDA:10,2,0,1
BRDA:10,2,1,4
BRDA:11,3,0,1
BRDA:11,3,1,3
BRDA:12,4,0,1
BRDA:12,4,1,2
BRDA:13,5,0,1
BRDA:13,5,1,1
BRDA:25,6,0,5
BRDA:25,6,1,3
BRDA:25,7,0,8
BRDA:25,7,1,7
BRDA:26,8,0,7
BRDA:26,8,1,1
BRDA:42,9,0,8
BRDA:42,9,1,5
BRF:20
BRH:20
end_of_record
TN:
SF:contexts/AuthContext.js
FN:5,(anonymous_0)
FN:7,(anonymous_1)
FN:8,(anonymous_2)
FN:17,(anonymous_3)
FNF:4
FNH:4
FNDA:6,(anonymous_0)
FNDA:2,(anonymous_1)
FNDA:1,(anonymous_2)
FNDA:12,(anonymous_3)
DA:3,2
DA:5,2
DA:6,6
DA:7,6
DA:8,6
DA:10,6
DA:17,12
LF:7
LH:7
BRF:0
BRH:0
end_of_record
