# JRE version: OpenJDK Runtime Environment Homebrew (11.0.26) (build 11.0.26+0)
# Java VM: OpenJDK 64-Bit Server VM Homebrew (11.0.26+0, mixed mode, tiered, compressed oops, g1 gc, bsd-amd64)
Heap:
 garbage-first heap   total 315392K, used 213648K [0x0000000700000000, 0x0000000800000000)
  region size 1024K, 184 young (188416K), 1 survivors (1024K)
 Metaspace       used 53258K, capacity 53936K, committed 54736K, reserved 1097728K
  class space    used 5498K, capacity 5709K, committed 5760K, reserved 1048576K
GC Heap History (20 events):
Event: 2013.145 GC heap before
{Heap before GC invocations=3073 (full 0):
 garbage-first heap   total 315392K, used 213648K [0x0000000700000000, 0x0000000800000000)
  region size 1024K, 184 young (188416K), 1 survivors (1024K)
 Metaspace       used 53258K, capacity 53936K, committed 54736K, reserved 1097728K
  class space    used 5498K, capacity 5709K, committed 5760K, reserved 1048576K
}
Event: 2013.146 GC heap after
{Heap after GC invocations=3074 (full 0):
 garbage-first heap   total 315392K, used 26254K [0x0000000700000000, 0x0000000800000000)
  region size 1024K, 1 young (1024K), 1 survivors (1024K)
 Metaspace       used 53258K, capacity 53936K, committed 54736K, reserved 1097728K
  class space    used 5498K, capacity 5709K, committed 5760K, reserved 1048576K
}
Event: 2013.816 GC heap before
{Heap before GC invocations=3074 (full 0):
 garbage-first heap   total 315392K, used 213646K [0x0000000700000000, 0x0000000800000000)
  region size 1024K, 184 young (188416K), 1 survivors (1024K)
 Metaspace       used 53258K, capacity 53936K, committed 54736K, reserved 1097728K
  class space    used 5498K, capacity 5709K, committed 5760K, reserved 1048576K
}
Event: 2013.817 GC heap after
{Heap after GC invocations=3075 (full 0):
 garbage-first heap   total 315392K, used 26256K [0x0000000700000000, 0x0000000800000000)
  region size 1024K, 1 young (1024K), 1 survivors (1024K)
 Metaspace       used 53258K, capacity 53936K, committed 54736K, reserved 1097728K
  class space    used 5498K, capacity 5709K, committed 5760K, reserved 1048576K
}
Event: 2014.472 GC heap before
{Heap before GC invocations=3075 (full 0):
 garbage-first heap   total 315392K, used 213648K [0x0000000700000000, 0x0000000800000000)
  region size 1024K, 184 young (188416K), 1 survivors (1024K)
 Metaspace       used 53258K, capacity 53936K, committed 54736K, reserved 1097728K
  class space    used 5498K, capacity 5709K, committed 5760K, reserved 1048576K
}
Event: 2014.473 GC heap after
{Heap after GC invocations=3076 (full 0):
 garbage-first heap   total 315392K, used 26256K [0x0000000700000000, 0x0000000800000000)
  region size 1024K, 1 young (1024K), 1 survivors (1024K)
 Metaspace       used 53258K, capacity 53936K, committed 54736K, reserved 1097728K
  class space    used 5498K, capacity 5709K, committed 5760K, reserved 1048576K
}
Event: 2015.114 GC heap before
{Heap before GC invocations=3076 (full 0):
 garbage-first heap   total 315392K, used 213648K [0x0000000700000000, 0x0000000800000000)
  region size 1024K, 184 young (188416K), 1 survivors (1024K)
 Metaspace       used 53258K, capacity 53936K, committed 54736K, reserved 1097728K
  class space    used 5498K, capacity 5709K, committed 5760K, reserved 1048576K
}
Event: 2015.115 GC heap after
{Heap after GC invocations=3077 (full 0):
 garbage-first heap   total 315392K, used 26256K [0x0000000700000000, 0x0000000800000000)
  region size 1024K, 1 young (1024K), 1 survivors (1024K)
 Metaspace       used 53258K, capacity 53936K, committed 54736K, reserved 1097728K
  class space    used 5498K, capacity 5709K, committed 5760K, reserved 1048576K
}
Event: 2015.767 GC heap before
{Heap before GC invocations=3077 (full 0):
 garbage-first heap   total 315392K, used 213648K [0x0000000700000000, 0x0000000800000000)
  region size 1024K, 184 young (188416K), 1 survivors (1024K)
 Metaspace       used 53258K, capacity 53936K, committed 54736K, reserved 1097728K
  class space    used 5498K, capacity 5709K, committed 5760K, reserved 1048576K
}
Event: 2015.768 GC heap after
{Heap after GC invocations=3078 (full 0):
 garbage-first heap   total 315392K, used 26254K [0x0000000700000000, 0x0000000800000000)
  region size 1024K, 1 young (1024K), 1 survivors (1024K)
 Metaspace       used 53258K, capacity 53936K, committed 54736K, reserved 1097728K
  class space    used 5498K, capacity 5709K, committed 5760K, reserved 1048576K
}
Event: 2016.450 GC heap before
{Heap before GC invocations=3078 (full 0):
 garbage-first heap   total 315392K, used 213646K [0x0000000700000000, 0x0000000800000000)
  region size 1024K, 184 young (188416K), 1 survivors (1024K)
 Metaspace       used 53258K, capacity 53936K, committed 54736K, reserved 1097728K
  class space    used 5498K, capacity 5709K, committed 5760K, reserved 1048576K
}
Event: 2016.451 GC heap after
{Heap after GC invocations=3079 (full 0):
 garbage-first heap   total 315392K, used 26258K [0x0000000700000000, 0x0000000800000000)
  region size 1024K, 1 young (1024K), 1 survivors (1024K)
 Metaspace       used 53258K, capacity 53936K, committed 54736K, reserved 1097728K
  class space    used 5498K, capacity 5709K, committed 5760K, reserved 1048576K
}
Event: 2017.100 GC heap before
{Heap before GC invocations=3079 (full 0):
 garbage-first heap   total 315392K, used 213650K [0x0000000700000000, 0x0000000800000000)
  region size 1024K, 184 young (188416K), 1 survivors (1024K)
 Metaspace       used 53258K, capacity 53936K, committed 54736K, reserved 1097728K
  class space    used 5498K, capacity 5709K, committed 5760K, reserved 1048576K
}
Event: 2017.101 GC heap after
{Heap after GC invocations=3080 (full 0):
 garbage-first heap   total 315392K, used 26254K [0x0000000700000000, 0x0000000800000000)
  region size 1024K, 1 young (1024K), 1 survivors (1024K)
 Metaspace       used 53258K, capacity 53936K, committed 54736K, reserved 1097728K
  class space    used 5498K, capacity 5709K, committed 5760K, reserved 1048576K
}
Event: 2017.742 GC heap before
{Heap before GC invocations=3080 (full 0):
 garbage-first heap   total 315392K, used 213646K [0x0000000700000000, 0x0000000800000000)
  region size 1024K, 184 young (188416K), 1 survivors (1024K)
 Metaspace       used 53258K, capacity 53936K, committed 54736K, reserved 1097728K
  class space    used 5498K, capacity 5709K, committed 5760K, reserved 1048576K
}
Event: 2017.743 GC heap after
{Heap after GC invocations=3081 (full 0):
 garbage-first heap   total 315392K, used 26254K [0x0000000700000000, 0x0000000800000000)
  region size 1024K, 1 young (1024K), 1 survivors (1024K)
 Metaspace       used 53258K, capacity 53936K, committed 54736K, reserved 1097728K
  class space    used 5498K, capacity 5709K, committed 5760K, reserved 1048576K
}
Event: 2018.407 GC heap before
{Heap before GC invocations=3081 (full 0):
 garbage-first heap   total 315392K, used 213646K [0x0000000700000000, 0x0000000800000000)
  region size 1024K, 184 young (188416K), 1 survivors (1024K)
 Metaspace       used 53258K, capacity 53936K, committed 54736K, reserved 1097728K
  class space    used 5498K, capacity 5709K, committed 5760K, reserved 1048576K
}
Event: 2018.407 GC heap after
{Heap after GC invocations=3082 (full 0):
 garbage-first heap   total 315392K, used 26256K [0x0000000700000000, 0x0000000800000000)
  region size 1024K, 1 young (1024K), 1 survivors (1024K)
 Metaspace       used 53258K, capacity 53936K, committed 54736K, reserved 1097728K
  class space    used 5498K, capacity 5709K, committed 5760K, reserved 1048576K
}
Event: 2019.058 GC heap before
{Heap before GC invocations=3082 (full 0):
 garbage-first heap   total 315392K, used 213648K [0x0000000700000000, 0x0000000800000000)
  region size 1024K, 184 young (188416K), 1 survivors (1024K)
 Metaspace       used 53258K, capacity 53936K, committed 54736K, reserved 1097728K
  class space    used 5498K, capacity 5709K, committed 5760K, reserved 1048576K
}
Event: 2019.059 GC heap after
{Heap after GC invocations=3083 (full 0):
 garbage-first heap   total 315392K, used 26256K [0x0000000700000000, 0x0000000800000000)
  region size 1024K, 1 young (1024K), 1 survivors (1024K)
 Metaspace       used 53258K, capacity 53936K, committed 54736K, reserved 1097728K
  class space    used 5498K, capacity 5709K, committed 5760K, reserved 1048576K
}

