# JRE version: OpenJDK Runtime Environment Homebrew (11.0.26) (build 11.0.26+0)
# Java VM: OpenJDK 64-Bit Server VM Homebrew (11.0.26+0, mixed mode, tiered, compressed oops, g1 gc, bsd-amd64)
Heap:
 garbage-first heap   total 315392K, used 38212K [0x0000000700000000, 0x0000000800000000)
  region size 1024K, 24 young (24576K), 19 survivors (19456K)
 Metaspace       used 59183K, capacity 59909K, committed 60800K, reserved 1103872K
  class space    used 5977K, capacity 6194K, committed 6272K, reserved 1048576K
GC Heap History (20 events):
Event: 0.752 GC heap before
{Heap before GC invocations=0 (full 0):
 garbage-first heap   total 262144K, used 25600K [0x0000000700000000, 0x0000000800000000)
  region size 1024K, 24 young (24576K), 0 survivors (0K)
 Metaspace       used 11173K, capacity 11369K, committed 11648K, reserved 1060864K
  class space    used 1047K, capacity 1130K, committed 1152K, reserved 1048576K
}
Event: 0.763 GC heap after
{Heap after GC invocations=1 (full 0):
 garbage-first heap   total 262144K, used 9855K [0x0000000700000000, 0x0000000800000000)
  region size 1024K, 3 young (3072K), 3 survivors (3072K)
 Metaspace       used 11173K, capacity 11369K, committed 11648K, reserved 1060864K
  class space    used 1047K, capacity 1130K, committed 1152K, reserved 1048576K
}
Event: 1.180 GC heap before
{Heap before GC invocations=1 (full 0):
 garbage-first heap   total 262144K, used 53887K [0x0000000700000000, 0x0000000800000000)
  region size 1024K, 47 young (48128K), 3 survivors (3072K)
 Metaspace       used 20467K, capacity 20749K, committed 21248K, reserved 1069056K
  class space    used 1948K, capacity 2048K, committed 2048K, reserved 1048576K
}
Event: 1.189 GC heap after
{Heap after GC invocations=2 (full 0):
 garbage-first heap   total 262144K, used 11227K [0x0000000700000000, 0x0000000800000000)
  region size 1024K, 5 young (5120K), 5 survivors (5120K)
 Metaspace       used 20467K, capacity 20749K, committed 21248K, reserved 1069056K
  class space    used 1948K, capacity 2048K, committed 2048K, reserved 1048576K
}
Event: 1.368 GC heap before
{Heap before GC invocations=3 (full 0):
 garbage-first heap   total 262144K, used 33755K [0x0000000700000000, 0x0000000800000000)
  region size 1024K, 27 young (27648K), 5 survivors (5120K)
 Metaspace       used 23307K, capacity 23608K, committed 24064K, reserved 1071104K
  class space    used 2318K, capacity 2449K, committed 2560K, reserved 1048576K
}
Event: 1.375 GC heap after
{Heap after GC invocations=4 (full 0):
 garbage-first heap   total 262144K, used 12135K [0x0000000700000000, 0x0000000800000000)
  region size 1024K, 3 young (3072K), 3 survivors (3072K)
 Metaspace       used 23307K, capacity 23608K, committed 24064K, reserved 1071104K
  class space    used 2318K, capacity 2449K, committed 2560K, reserved 1048576K
}
Event: 1.780 GC heap before
{Heap before GC invocations=4 (full 0):
 garbage-first heap   total 262144K, used 79719K [0x0000000700000000, 0x0000000800000000)
  region size 1024K, 69 young (70656K), 3 survivors (3072K)
 Metaspace       used 29724K, capacity 30092K, committed 30592K, reserved 1077248K
  class space    used 3050K, capacity 3176K, committed 3200K, reserved 1048576K
}
Event: 1.785 GC heap after
{Heap after GC invocations=5 (full 0):
 garbage-first heap   total 262144K, used 15297K [0x0000000700000000, 0x0000000800000000)
  region size 1024K, 6 young (6144K), 6 survivors (6144K)
 Metaspace       used 29724K, capacity 30092K, committed 30592K, reserved 1077248K
  class space    used 3050K, capacity 3176K, committed 3200K, reserved 1048576K
}
Event: 2.095 GC heap before
{Heap before GC invocations=5 (full 0):
 garbage-first heap   total 262144K, used 31681K [0x0000000700000000, 0x0000000800000000)
  region size 1024K, 23 young (23552K), 6 survivors (6144K)
 Metaspace       used 34633K, capacity 34952K, committed 35584K, reserved 1081344K
  class space    used 3592K, capacity 3725K, committed 3840K, reserved 1048576K
}
Event: 2.104 GC heap after
{Heap after GC invocations=6 (full 0):
 garbage-first heap   total 315392K, used 16985K [0x0000000700000000, 0x0000000800000000)
  region size 1024K, 7 young (7168K), 7 survivors (7168K)
 Metaspace       used 34633K, capacity 34952K, committed 35584K, reserved 1081344K
  class space    used 3592K, capacity 3725K, committed 3840K, reserved 1048576K
}
Event: 15.794 GC heap before
{Heap before GC invocations=7 (full 0):
 garbage-first heap   total 315392K, used 194137K [0x0000000700000000, 0x0000000800000000)
  region size 1024K, 180 young (184320K), 7 survivors (7168K)
 Metaspace       used 51940K, capacity 52596K, committed 53376K, reserved 1097728K
  class space    used 5474K, capacity 5671K, committed 5760K, reserved 1048576K
}
Event: 15.817 GC heap after
{Heap after GC invocations=8 (full 0):
 garbage-first heap   total 315392K, used 25177K [0x0000000700000000, 0x0000000800000000)
  region size 1024K, 15 young (15360K), 15 survivors (15360K)
 Metaspace       used 51940K, capacity 52596K, committed 53376K, reserved 1097728K
  class space    used 5474K, capacity 5671K, committed 5760K, reserved 1048576K
}
Event: 41.256 GC heap before
{Heap before GC invocations=8 (full 0):
 garbage-first heap   total 315392K, used 197209K [0x0000000700000000, 0x0000000800000000)
  region size 1024K, 184 young (188416K), 15 survivors (15360K)
 Metaspace       used 52860K, capacity 53537K, committed 54400K, reserved 1097728K
  class space    used 5481K, capacity 5681K, committed 5760K, reserved 1048576K
}
Event: 41.288 GC heap after
{Heap after GC invocations=9 (full 0):
 garbage-first heap   total 315392K, used 26005K [0x0000000700000000, 0x0000000800000000)
  region size 1024K, 11 young (11264K), 11 survivors (11264K)
 Metaspace       used 52860K, capacity 53537K, committed 54400K, reserved 1097728K
  class space    used 5481K, capacity 5681K, committed 5760K, reserved 1048576K
}
Event: 66.801 GC heap before
{Heap before GC invocations=9 (full 0):
 garbage-first heap   total 315392K, used 202133K [0x0000000700000000, 0x0000000800000000)
  region size 1024K, 184 young (188416K), 11 survivors (11264K)
 Metaspace       used 53469K, capacity 54187K, committed 54912K, reserved 1097728K
  class space    used 5488K, capacity 5683K, committed 5760K, reserved 1048576K
}
Event: 66.819 GC heap after
{Heap after GC invocations=10 (full 0):
 garbage-first heap   total 315392K, used 25906K [0x0000000700000000, 0x0000000800000000)
  region size 1024K, 11 young (11264K), 11 survivors (11264K)
 Metaspace       used 53469K, capacity 54187K, committed 54912K, reserved 1097728K
  class space    used 5488K, capacity 5683K, committed 5760K, reserved 1048576K
}
Event: 93.160 GC heap before
{Heap before GC invocations=10 (full 0):
 garbage-first heap   total 315392K, used 203058K [0x0000000700000000, 0x0000000800000000)
  region size 1024K, 184 young (188416K), 11 survivors (11264K)
 Metaspace       used 53773K, capacity 54479K, committed 55424K, reserved 1099776K
  class space    used 5490K, capacity 5715K, committed 5760K, reserved 1048576K
}
Event: 93.188 GC heap after
{Heap after GC invocations=11 (full 0):
 garbage-first heap   total 315392K, used 26269K [0x0000000700000000, 0x0000000800000000)
  region size 1024K, 11 young (11264K), 11 survivors (11264K)
 Metaspace       used 53773K, capacity 54479K, committed 55424K, reserved 1099776K
  class space    used 5490K, capacity 5715K, committed 5760K, reserved 1048576K
}
Event: 95.046 GC heap before
{Heap before GC invocations=11 (full 0):
 garbage-first heap   total 315392K, used 95901K [0x0000000700000000, 0x0000000800000000)
  region size 1024K, 81 young (82944K), 11 survivors (11264K)
 Metaspace       used 58153K, capacity 58845K, committed 59648K, reserved 1103872K
  class space    used 5893K, capacity 6122K, committed 6144K, reserved 1048576K
}
Event: 95.081 GC heap after
{Heap after GC invocations=12 (full 0):
 garbage-first heap   total 315392K, used 34116K [0x0000000700000000, 0x0000000800000000)
  region size 1024K, 19 young (19456K), 19 survivors (19456K)
 Metaspace       used 58153K, capacity 58845K, committed 59648K, reserved 1103872K
  class space    used 5893K, capacity 6122K, committed 6144K, reserved 1048576K
}

